<?xml version="1.0" encoding="UTF-8"?>
<testsuite name="salesdemo.app.server.service.CommunicationTypeTestCase" tests="5" skipped="0" failures="0" errors="0" timestamp="2015-12-21T06:54:32" hostname="68768ce41e45" time="0.144">
  <properties/>
  <testcase name="test1Save" classname="salesdemo.app.server.service.CommunicationTypeTestCase" time="0.103"/>
  <testcase name="test2Update" classname="salesdemo.app.server.service.CommunicationTypeTestCase" time="0.013"/>
  <testcase name="test3FindById" classname="salesdemo.app.server.service.CommunicationTypeTestCase" time="0.005"/>
  <testcase name="test3findBycommGroupId" classname="salesdemo.app.server.service.CommunicationTypeTestCase" time="0.006"/>
  <testcase name="test4Delete" classname="salesdemo.app.server.service.CommunicationTypeTestCase" time="0.016"/>
  <system-out><![CDATA[In around repository aspect
[EL Fine]: sql: 2015-12-21 06:54:32.436--ClientSession(834645748)--Connection(516014647)--Thread(Thread[Test worker,5,main])--INSERT INTO ast_CommunicationGroup_M (commGroupId, commGroupDescription, commGroupName, versionId, createdBy, createdDate, updatedBy, updatedDate, activeStatus, txnAccessCode) VALUES (?, ?, ?, ?, ?, ?, ?, ?, ?, ?)
	bind => [F31F9E21-32A2-4EFA-9B8E-E397C8BB1465, tiEbIklTh6TpiYYOfM3dR5jp94bUpSvW3lbarSLD9j6C10hBzy, 9ng3tjliCHukjRkb7JwSSytKQDzVM9SnmnYRFyxcydFGWUb2YU, 1, AAAAA, 2015-12-21 12:24:32.41, null, 2015-12-21 12:24:32.41, 1, null]
Setting logged in user info for ADD
In around repository aspect
[EL Fine]: sql: 2015-12-21 06:54:32.498--ClientSession(402703737)--Connection(516014647)--Thread(Thread[Test worker,5,main])--INSERT INTO ast_CommunicationType_M (commType, commGroupId, commTypeDescription, commTypeName, versionId, createdBy, createdDate, updatedBy, updatedDate, activeStatus, txnAccessCode) VALUES (?, ?, ?, ?, ?, ?, ?, ?, ?, ?, ?)
	bind => [4DA591C6-3292-427A-B3AE-21C54C6462DC, F31F9E21-32A2-4EFA-9B8E-E397C8BB1465, HFGoe4smh2Tnmb4TY1nnGs24WMxIrJZqAat8Oax1S6n1mZiY5p, DdqNQsc6clwlvfWBPBpuEghEJsExGyR8PxGs3UfWnNlrORDZ4w, 1, AAAAA, 2015-12-21 12:24:32.44, null, 2015-12-21 12:24:32.44, 1, null]
In around repository aspect
[EL Fine]: sql: 2015-12-21 06:54:32.508--ClientSession(763110337)--Connection(516014647)--Thread(Thread[Test worker,5,main])--SELECT commType, commGroupId, commTypeDescription, commTypeName, versionId, createdBy, createdDate, updatedBy, updatedDate, activeStatus, txnAccessCode FROM ast_CommunicationType_M WHERE ((activeStatus = ?) AND (commType = ?))
	bind => [1, 4DA591C6-3292-427A-B3AE-21C54C6462DC]
Setting logged in user info for UPDATE
In around repository aspect
[EL Fine]: sql: 2015-12-21 06:54:32.511--ClientSession(720263097)--Connection(516014647)--Thread(Thread[Test worker,5,main])--SELECT commType, commGroupId, commTypeDescription, commTypeName, versionId, createdBy, createdDate, updatedBy, updatedDate, activeStatus, txnAccessCode FROM ast_CommunicationType_M WHERE (commType = ?)
	bind => [4DA591C6-3292-427A-B3AE-21C54C6462DC]
[EL Fine]: sql: 2015-12-21 06:54:32.512--ClientSession(720263097)--Connection(516014647)--Thread(Thread[Test worker,5,main])--UPDATE ast_CommunicationType_M SET commTypeDescription = ?, commTypeName = ?, updatedBy = ?, versionId = ? WHERE ((commType = ?) AND (versionId = ?))
	bind => [UjS6XEhDhDLTWZpDQ5RexF8SKK0y75mwcQ0T0aK6ylr2VtvkBv, lRB3ilymipbulRjxcqCwH2VGCpOmPJ2JizwQtb1hpMuabegzaU, AAAAA, 2, 4DA591C6-3292-427A-B3AE-21C54C6462DC, 1]
In around repository aspect
[EL Fine]: sql: 2015-12-21 06:54:32.519--ClientSession(109502312)--Connection(516014647)--Thread(Thread[Test worker,5,main])--SELECT commType, commGroupId, commTypeDescription, commTypeName, versionId, createdBy, createdDate, updatedBy, updatedDate, activeStatus, txnAccessCode FROM ast_CommunicationType_M WHERE ((activeStatus = ?) AND (commType = ?))
	bind => [1, 4DA591C6-3292-427A-B3AE-21C54C6462DC]
In around repository aspect
[EL Fine]: sql: 2015-12-21 06:54:32.525--ClientSession(229396520)--Connection(516014647)--Thread(Thread[Test worker,5,main])--SELECT commType, commGroupId, commTypeDescription, commTypeName, versionId, createdBy, createdDate, updatedBy, updatedDate, activeStatus, txnAccessCode FROM ast_CommunicationType_M WHERE ((activeStatus = ?) AND (commGroupId = ?))
	bind => [1, F31F9E21-32A2-4EFA-9B8E-E397C8BB1465]
In around repository aspect
[EL Fine]: sql: 2015-12-21 06:54:32.529--ClientSession(1371752814)--Connection(516014647)--Thread(Thread[Test worker,5,main])--SELECT commType, commGroupId, commTypeDescription, commTypeName, versionId, createdBy, createdDate, updatedBy, updatedDate, activeStatus, txnAccessCode FROM ast_CommunicationType_M WHERE (commType = ?)
	bind => [4DA591C6-3292-427A-B3AE-21C54C6462DC]
[EL Fine]: sql: 2015-12-21 06:54:32.531--ClientSession(1371752814)--Connection(516014647)--Thread(Thread[Test worker,5,main])--DELETE FROM ast_CommunicationType_M WHERE ((commType = ?) AND (versionId = ?))
	bind => [4DA591C6-3292-427A-B3AE-21C54C6462DC, 2]
In around repository aspect
[EL Fine]: sql: 2015-12-21 06:54:32.539--ClientSession(1283846230)--Connection(516014647)--Thread(Thread[Test worker,5,main])--SELECT commGroupId, commGroupDescription, commGroupName, versionId, createdBy, createdDate, updatedBy, updatedDate, activeStatus, txnAccessCode FROM ast_CommunicationGroup_M WHERE (commGroupId = ?)
	bind => [F31F9E21-32A2-4EFA-9B8E-E397C8BB1465]
[EL Fine]: sql: 2015-12-21 06:54:32.54--ClientSession(1283846230)--Connection(516014647)--Thread(Thread[Test worker,5,main])--DELETE FROM ast_CommunicationGroup_M WHERE ((commGroupId = ?) AND (versionId = ?))
	bind => [F31F9E21-32A2-4EFA-9B8E-E397C8BB1465, 1]
]]></system-out>
  <system-err><![CDATA[]]></system-err>
</testsuite>
