<?xml version="1.0" encoding="UTF-8"?>
<testsuite name="salesdemo.app.server.service.AddressTypeTestCase" tests="4" skipped="0" failures="0" errors="0" timestamp="2015-12-21T06:54:30" hostname="68768ce41e45" time="0.067">
  <properties/>
  <testcase name="test1Save" classname="salesdemo.app.server.service.AddressTypeTestCase" time="0.042"/>
  <testcase name="test2Update" classname="salesdemo.app.server.service.AddressTypeTestCase" time="0.01"/>
  <testcase name="test3FindById" classname="salesdemo.app.server.service.AddressTypeTestCase" time="0.004"/>
  <testcase name="test4Delete" classname="salesdemo.app.server.service.AddressTypeTestCase" time="0.009"/>
  <system-out><![CDATA[Setting logged in user info for ADD
In around repository aspect
[EL Fine]: sql: 2015-12-21 06:54:30.618--ClientSession(430357861)--Connection(516014647)--Thread(Thread[Test worker,5,main])--INSERT INTO ast_AddressType_M (addressTypeId, addressType, addressTypeDesc, addressTypeIcon, versionId, createdBy, createdDate, updatedBy, updatedDate, activeStatus, txnAccessCode) VALUES (?, ?, ?, ?, ?, ?, ?, ?, ?, ?, ?)
	bind => [16A81523-7EB9-4DAA-B6E1-F8C42B6D2617, UcmOv6N7YHIqVtlkMgDWpIL9FPFD8Cqa15y86vCe0YmhveFqAC, BDnUyzPHX4lKOxByedZM28ySIJP7B5HfKmNJ8mI84F3qwROYzm, gbEzehQCVa9pUyI71RQ9fntou679xcrugdVmtUfSlEQeRw7vVz, 1, AAAAA, 2015-12-21 12:24:30.589, null, 2015-12-21 12:24:30.589, 1, null]
In around repository aspect
[EL Fine]: sql: 2015-12-21 06:54:30.626--ClientSession(2043135491)--Connection(516014647)--Thread(Thread[Test worker,5,main])--SELECT addressTypeId, addressType, addressTypeDesc, addressTypeIcon, versionId, createdBy, createdDate, updatedBy, updatedDate, activeStatus, txnAccessCode FROM ast_AddressType_M WHERE ((activeStatus = ?) AND (addressTypeId = ?))
	bind => [1, 16A81523-7EB9-4DAA-B6E1-F8C42B6D2617]
Setting logged in user info for UPDATE
In around repository aspect
[EL Fine]: sql: 2015-12-21 06:54:30.628--ClientSession(2075239756)--Connection(516014647)--Thread(Thread[Test worker,5,main])--SELECT addressTypeId, addressType, addressTypeDesc, addressTypeIcon, versionId, createdBy, createdDate, updatedBy, updatedDate, activeStatus, txnAccessCode FROM ast_AddressType_M WHERE (addressTypeId = ?)
	bind => [16A81523-7EB9-4DAA-B6E1-F8C42B6D2617]
[EL Fine]: sql: 2015-12-21 06:54:30.629--ClientSession(2075239756)--Connection(516014647)--Thread(Thread[Test worker,5,main])--UPDATE ast_AddressType_M SET addressType = ?, addressTypeDesc = ?, addressTypeIcon = ?, updatedBy = ?, versionId = ? WHERE ((addressTypeId = ?) AND (versionId = ?))
	bind => [6s5TgqTBPNlEDfTmog0ZPm12z8hoRMgKVM1jGWw6kpqxn7BLAF, a9xHYE02RrXMBaNtbYr4tBG8LCKqOWfLyGS375Wilkp0uMAG6D, MkGanz3Yj9uewDER7SZ0Q1U4HQY87aFpqqZxkwyhIVMZSYLlv5, AAAAA, 2, 16A81523-7EB9-4DAA-B6E1-F8C42B6D2617, 1]
In around repository aspect
[EL Fine]: sql: 2015-12-21 06:54:30.636--ClientSession(1114907593)--Connection(516014647)--Thread(Thread[Test worker,5,main])--SELECT addressTypeId, addressType, addressTypeDesc, addressTypeIcon, versionId, createdBy, createdDate, updatedBy, updatedDate, activeStatus, txnAccessCode FROM ast_AddressType_M WHERE ((activeStatus = ?) AND (addressTypeId = ?))
	bind => [1, 16A81523-7EB9-4DAA-B6E1-F8C42B6D2617]
In around repository aspect
[EL Fine]: sql: 2015-12-21 06:54:30.641--ClientSession(1933915025)--Connection(516014647)--Thread(Thread[Test worker,5,main])--SELECT addressTypeId, addressType, addressTypeDesc, addressTypeIcon, versionId, createdBy, createdDate, updatedBy, updatedDate, activeStatus, txnAccessCode FROM ast_AddressType_M WHERE (addressTypeId = ?)
	bind => [16A81523-7EB9-4DAA-B6E1-F8C42B6D2617]
[EL Fine]: sql: 2015-12-21 06:54:30.642--ClientSession(1933915025)--Connection(516014647)--Thread(Thread[Test worker,5,main])--DELETE FROM ast_AddressType_M WHERE ((addressTypeId = ?) AND (versionId = ?))
	bind => [16A81523-7EB9-4DAA-B6E1-F8C42B6D2617, 2]
]]></system-out>
  <system-err><![CDATA[]]></system-err>
</testsuite>
