<?xml version="1.0" encoding="UTF-8"?>
<testsuite name="salesdemo.app.server.service.VillageTestCase" tests="9" skipped="0" failures="0" errors="0" timestamp="2015-12-21T06:54:12" hostname="68768ce41e45" time="18.015">
  <properties/>
  <testcase name="test1Save" classname="salesdemo.app.server.service.VillageTestCase" time="17.895"/>
  <testcase name="test2Update" classname="salesdemo.app.server.service.VillageTestCase" time="0.015"/>
  <testcase name="test3FindById" classname="salesdemo.app.server.service.VillageTestCase" time="0.006"/>
  <testcase name="test3findBycountryId" classname="salesdemo.app.server.service.VillageTestCase" time="0.008"/>
  <testcase name="test3findBydistrictId" classname="salesdemo.app.server.service.VillageTestCase" time="0.007"/>
  <testcase name="test3findByregionId" classname="salesdemo.app.server.service.VillageTestCase" time="0.007"/>
  <testcase name="test3findBystateId" classname="salesdemo.app.server.service.VillageTestCase" time="0.006"/>
  <testcase name="test3findBytalukaaId" classname="salesdemo.app.server.service.VillageTestCase" time="0.008"/>
  <testcase name="test4Delete" classname="salesdemo.app.server.service.VillageTestCase" time="0.062"/>
  <system-out><![CDATA[[EL Config]: metadata: 2015-12-21 06:54:18.458--ServerSession(1292538818)--Thread(Thread[Test worker,5,main])--The access type for the persistent class [class salesdemo.app.shared.location.State] is set to [FIELD].
[EL Config]: metadata: 2015-12-21 06:54:18.483--ServerSession(1292538818)--Thread(Thread[Test worker,5,main])--The access type for the persistent class [class com.athena.shared.entity.ArtEntity] is set to [FIELD].
[EL Config]: metadata: 2015-12-21 06:54:18.485--ServerSession(1292538818)--Thread(Thread[Test worker,5,main])--The access type for the persistent class [class com.athena.shared.entity.AuditPropertiesEntity] is set to [FIELD].
[EL Config]: metadata: 2015-12-21 06:54:18.486--ServerSession(1292538818)--Thread(Thread[Test worker,5,main])--The access type for the persistent class [class com.athena.shared.entity.query.ArtQuery] is set to [FIELD].
[EL Config]: metadata: 2015-12-21 06:54:18.487--ServerSession(1292538818)--Thread(Thread[Test worker,5,main])--The access type for the persistent class [class com.athena.shared.entity.query.ArtMenu] is set to [FIELD].
[EL Config]: metadata: 2015-12-21 06:54:18.488--ServerSession(1292538818)--Thread(Thread[Test worker,5,main])--The access type for the persistent class [class salesdemo.app.shared.location.AddressType] is set to [FIELD].
[EL Config]: metadata: 2015-12-21 06:54:18.489--ServerSession(1292538818)--Thread(Thread[Test worker,5,main])--The access type for the persistent class [class salesdemo.app.shared.location.Region] is set to [FIELD].
[EL Config]: metadata: 2015-12-21 06:54:18.49--ServerSession(1292538818)--Thread(Thread[Test worker,5,main])--The access type for the persistent class [class com.athena.shared.entity.query.ArtTableEntityRelation] is set to [FIELD].
[EL Config]: metadata: 2015-12-21 06:54:18.495--ServerSession(1292538818)--Thread(Thread[Test worker,5,main])--The target entity (reference) class for the one to one mapping element [field reffKeyDetails] is being defaulted to: class com.athena.shared.entity.query.ArtTableFieldDetails.
[EL Config]: metadata: 2015-12-21 06:54:18.496--ServerSession(1292538818)--Thread(Thread[Test worker,5,main])--The target entity (reference) class for the one to one mapping element [field owingKeyDetails] is being defaulted to: class com.athena.shared.entity.query.ArtTableFieldDetails.
[EL Config]: metadata: 2015-12-21 06:54:18.496--ServerSession(1292538818)--Thread(Thread[Test worker,5,main])--The target entity (reference) class for the one to one mapping element [field reffTableDetails] is being defaulted to: class com.athena.shared.entity.query.ArtTableDetails.
[EL Config]: metadata: 2015-12-21 06:54:18.496--ServerSession(1292538818)--Thread(Thread[Test worker,5,main])--The target entity (reference) class for the many to one mapping element [field owningTableDetails] is being defaulted to: class com.athena.shared.entity.query.ArtTableDetails.
[EL Config]: metadata: 2015-12-21 06:54:18.497--ServerSession(1292538818)--Thread(Thread[Test worker,5,main])--The access type for the persistent class [class salesdemo.app.shared.authentication.LoginSession] is set to [FIELD].
[EL Config]: metadata: 2015-12-21 06:54:18.498--ServerSession(1292538818)--Thread(Thread[Test worker,5,main])--The access type for the persistent class [class com.athena.cloud.shared.entity.CloudDriveTags] is set to [FIELD].
[EL Config]: metadata: 2015-12-21 06:54:18.502--ServerSession(1292538818)--Thread(Thread[Test worker,5,main])--The target entity (reference) class for the one to many mapping element [field awsCloudDriveTagFiles] is being defaulted to: class com.athena.cloud.shared.entity.CloudDriveTagFiles.
[EL Config]: metadata: 2015-12-21 06:54:18.503--ServerSession(1292538818)--Thread(Thread[Test worker,5,main])--The access type for the persistent class [class com.athena.shared.entity.report.ArtServiceOperation] is set to [FIELD].
[EL Config]: metadata: 2015-12-21 06:54:18.503--ServerSession(1292538818)--Thread(Thread[Test worker,5,main])--The target entity (reference) class for the many to one mapping element [field artservice] is being defaulted to: class com.athena.shared.entity.report.ArtService.
[EL Config]: metadata: 2015-12-21 06:54:18.504--ServerSession(1292538818)--Thread(Thread[Test worker,5,main])--The access type for the persistent class [class com.athena.shared.entity.report.ArtChartTemplate] is set to [FIELD].
[EL Config]: metadata: 2015-12-21 06:54:18.505--ServerSession(1292538818)--Thread(Thread[Test worker,5,main])--The access type for the persistent class [class salesdemo.app.shared.contacts.CommunicationData] is set to [FIELD].
[EL Config]: metadata: 2015-12-21 06:54:18.505--ServerSession(1292538818)--Thread(Thread[Test worker,5,main])--The access type for the persistent class [class salesdemo.app.shared.contacts.Gender] is set to [FIELD].
[EL Config]: metadata: 2015-12-21 06:54:18.506--ServerSession(1292538818)--Thread(Thread[Test worker,5,main])--The access type for the persistent class [class com.athena.cloud.shared.entity.CloudDriveFiles] is set to [FIELD].
[EL Config]: metadata: 2015-12-21 06:54:18.507--ServerSession(1292538818)--Thread(Thread[Test worker,5,main])--The target entity (reference) class for the many to many mapping element [field tags] is being defaulted to: class com.athena.cloud.shared.entity.CloudDriveTags.
[EL Config]: metadata: 2015-12-21 06:54:18.507--ServerSession(1292538818)--Thread(Thread[Test worker,5,main])--The target entity (reference) class for the one to one mapping element [field contentType] is being defaulted to: class com.athena.cloud.shared.entity.CloudDriveContentType.
[EL Config]: metadata: 2015-12-21 06:54:18.508--ServerSession(1292538818)--Thread(Thread[Test worker,5,main])--The access type for the persistent class [class salesdemo.app.shared.authentication.PasswordPolicy] is set to [FIELD].
[EL Config]: metadata: 2015-12-21 06:54:18.508--ServerSession(1292538818)--Thread(Thread[Test worker,5,main])--The access type for the persistent class [class salesdemo.app.shared.authorization.AppMenus] is set to [FIELD].
[EL Config]: metadata: 2015-12-21 06:54:18.509--ServerSession(1292538818)--Thread(Thread[Test worker,5,main])--The access type for the persistent class [class com.athena.shared.entity.query.ArtTableDetails] is set to [FIELD].
[EL Config]: metadata: 2015-12-21 06:54:18.51--ServerSession(1292538818)--Thread(Thread[Test worker,5,main])--The target entity (reference) class for the one to many mapping element [field entityRelations] is being defaulted to: class com.athena.shared.entity.query.ArtTableEntityRelation.
[EL Config]: metadata: 2015-12-21 06:54:18.51--ServerSession(1292538818)--Thread(Thread[Test worker,5,main])--The target entity (reference) class for the one to many mapping element [field artTableFieldDetail] is being defaulted to: class com.athena.shared.entity.query.ArtTableFieldDetails.
[EL Config]: metadata: 2015-12-21 06:54:18.511--ServerSession(1292538818)--Thread(Thread[Test worker,5,main])--The access type for the persistent class [class com.athena.shared.entity.report.ArtChartCategory] is set to [FIELD].
[EL Config]: metadata: 2015-12-21 06:54:18.511--ServerSession(1292538818)--Thread(Thread[Test worker,5,main])--The target entity (reference) class for the one to one mapping element [field chart_json_id] is being defaulted to: class com.athena.shared.entity.report.ArtChartJson.
[EL Config]: metadata: 2015-12-21 06:54:18.512--ServerSession(1292538818)--Thread(Thread[Test worker,5,main])--The access type for the persistent class [class salesdemo.app.shared.authentication.PassRecovery] is set to [FIELD].
[EL Config]: metadata: 2015-12-21 06:54:18.512--ServerSession(1292538818)--Thread(Thread[Test worker,5,main])--The target entity (reference) class for the one to one mapping element [field user] is being defaulted to: class salesdemo.app.shared.authentication.User.
[EL Config]: metadata: 2015-12-21 06:54:18.512--ServerSession(1292538818)--Thread(Thread[Test worker,5,main])--The access type for the persistent class [class com.athena.shared.entity.report.ArtChartJson] is set to [FIELD].
[EL Config]: metadata: 2015-12-21 06:54:18.513--ServerSession(1292538818)--Thread(Thread[Test worker,5,main])--The target entity (reference) class for the one to one mapping element [field data_field_id] is being defaulted to: class com.athena.shared.entity.report.ArtChartDataFieldJson.
[EL Config]: metadata: 2015-12-21 06:54:18.513--ServerSession(1292538818)--Thread(Thread[Test worker,5,main])--The access type for the persistent class [class salesdemo.app.shared.location.Language] is set to [FIELD].
[EL Config]: metadata: 2015-12-21 06:54:18.514--ServerSession(1292538818)--Thread(Thread[Test worker,5,main])--The access type for the persistent class [class com.spartan.healthmeter.entity.ZenHealthGauge] is set to [FIELD].
[EL Config]: metadata: 2015-12-21 06:54:18.515--ServerSession(1292538818)--Thread(Thread[Test worker,5,main])--The access type for the persistent class [class com.athena.cloud.shared.entity.CloudDriveContentType] is set to [FIELD].
[EL Config]: metadata: 2015-12-21 06:54:18.515--ServerSession(1292538818)--Thread(Thread[Test worker,5,main])--The access type for the persistent class [class com.athena.shared.entity.report.ArtChartProperties] is set to [FIELD].
[EL Config]: metadata: 2015-12-21 06:54:18.516--ServerSession(1292538818)--Thread(Thread[Test worker,5,main])--The access type for the persistent class [class salesdemo.app.shared.authorization.Roles] is set to [FIELD].
[EL Config]: metadata: 2015-12-21 06:54:18.516--ServerSession(1292538818)--Thread(Thread[Test worker,5,main])--The target entity (reference) class for the one to many mapping element [field roleMenuBridge] is being defaulted to: class salesdemo.app.shared.authorization.RoleMenuBridge.
[EL Config]: metadata: 2015-12-21 06:54:18.516--ServerSession(1292538818)--Thread(Thread[Test worker,5,main])--The access type for the persistent class [class com.athena.shared.entity.query.ArtUserLastStatus] is set to [FIELD].
[EL Config]: metadata: 2015-12-21 06:54:18.517--ServerSession(1292538818)--Thread(Thread[Test worker,5,main])--The access type for the persistent class [class com.athena.shared.entity.query.ArtMasterForm] is set to [FIELD].
[EL Config]: metadata: 2015-12-21 06:54:18.518--ServerSession(1292538818)--Thread(Thread[Test worker,5,main])--The access type for the persistent class [class salesdemo.app.shared.authentication.SessionData] is set to [FIELD].
[EL Config]: metadata: 2015-12-21 06:54:18.519--ServerSession(1292538818)--Thread(Thread[Test worker,5,main])--The access type for the persistent class [class com.athena.deo.model.AwsExternalIntegration] is set to [FIELD].
[EL Config]: metadata: 2015-12-21 06:54:18.519--ServerSession(1292538818)--Thread(Thread[Test worker,5,main])--The access type for the persistent class [class salesdemo.app.shared.location.Address] is set to [FIELD].
[EL Config]: metadata: 2015-12-21 06:54:18.52--ServerSession(1292538818)--Thread(Thread[Test worker,5,main])--The access type for the persistent class [class com.athena.shared.entity.query.ArtUserMenu] is set to [FIELD].
[EL Config]: metadata: 2015-12-21 06:54:18.52--ServerSession(1292538818)--Thread(Thread[Test worker,5,main])--The access type for the persistent class [class com.athena.cloud.shared.entity.CloudDriveTagShared] is set to [FIELD].
[EL Config]: metadata: 2015-12-21 06:54:18.521--ServerSession(1292538818)--Thread(Thread[Test worker,5,main])--The target entity (reference) class for the one to one mapping element [field tags] is being defaulted to: class com.athena.cloud.shared.entity.CloudDriveTags.
[EL Config]: metadata: 2015-12-21 06:54:18.521--ServerSession(1292538818)--Thread(Thread[Test worker,5,main])--The access type for the persistent class [class salesdemo.app.shared.authentication.User] is set to [FIELD].
[EL Config]: metadata: 2015-12-21 06:54:18.522--ServerSession(1292538818)--Thread(Thread[Test worker,5,main])--The target entity (reference) class for the one to one mapping element [field userData] is being defaulted to: class salesdemo.app.shared.authentication.UserData.
[EL Config]: metadata: 2015-12-21 06:54:18.522--ServerSession(1292538818)--Thread(Thread[Test worker,5,main])--The target entity (reference) class for the one to many mapping element [field passRecovery] is being defaulted to: class salesdemo.app.shared.authentication.PassRecovery.
[EL Config]: metadata: 2015-12-21 06:54:18.522--ServerSession(1292538818)--Thread(Thread[Test worker,5,main])--The access type for the persistent class [class com.spartan.healthmeter.entity.HealthSchedulerConfiguration] is set to [FIELD].
[EL Config]: metadata: 2015-12-21 06:54:18.523--ServerSession(1292538818)--Thread(Thread[Test worker,5,main])--The access type for the persistent class [class com.athena.cloud.shared.entity.CloudDriveFileVersion] is set to [FIELD].
[EL Config]: metadata: 2015-12-21 06:54:18.523--ServerSession(1292538818)--Thread(Thread[Test worker,5,main])--The target entity (reference) class for the one to one mapping element [field file] is being defaulted to: class com.athena.cloud.shared.entity.CloudDriveFiles.
[EL Config]: metadata: 2015-12-21 06:54:18.524--ServerSession(1292538818)--Thread(Thread[Test worker,5,main])--The access type for the persistent class [class salesdemo.app.shared.location.Village] is set to [FIELD].
[EL Config]: metadata: 2015-12-21 06:54:18.524--ServerSession(1292538818)--Thread(Thread[Test worker,5,main])--The access type for the persistent class [class com.spartan.healthmeter.entity.ZenSchedulerHealth] is set to [FIELD].
[EL Config]: metadata: 2015-12-21 06:54:18.526--ServerSession(1292538818)--Thread(Thread[Test worker,5,main])--The access type for the persistent class [class com.athena.shared.entity.report.ArtChartType] is set to [FIELD].
[EL Config]: metadata: 2015-12-21 06:54:18.526--ServerSession(1292538818)--Thread(Thread[Test worker,5,main])--The target entity (reference) class for the one to one mapping element [field chart_id] is being defaulted to: class com.athena.shared.entity.report.ArtChartCategory.
[EL Config]: metadata: 2015-12-21 06:54:18.526--ServerSession(1292538818)--Thread(Thread[Test worker,5,main])--The access type for the persistent class [class com.athena.shared.entity.query.ArtDatabaseFunction] is set to [FIELD].
[EL Config]: metadata: 2015-12-21 06:54:18.527--ServerSession(1292538818)--Thread(Thread[Test worker,5,main])--The access type for the persistent class [class salesdemo.app.shared.location.District] is set to [FIELD].
[EL Config]: metadata: 2015-12-21 06:54:18.528--ServerSession(1292538818)--Thread(Thread[Test worker,5,main])--The access type for the persistent class [class com.athena.shared.entity.report.ArtChartPropLanguage] is set to [FIELD].
[EL Config]: metadata: 2015-12-21 06:54:18.528--ServerSession(1292538818)--Thread(Thread[Test worker,5,main])--The target entity (reference) class for the one to one mapping element [field property_id] is being defaulted to: class com.athena.shared.entity.report.ArtChartProperties.
[EL Config]: metadata: 2015-12-21 06:54:18.528--ServerSession(1292538818)--Thread(Thread[Test worker,5,main])--The target entity (reference) class for the one to one mapping element [field lang_id] is being defaulted to: class com.athena.shared.entity.report.ArtLangMaster.
[EL Config]: metadata: 2015-12-21 06:54:18.528--ServerSession(1292538818)--Thread(Thread[Test worker,5,main])--The access type for the persistent class [class com.spartan.shield.server.entity.AppSessionConfig] is set to [FIELD].
[EL Config]: metadata: 2015-12-21 06:54:18.529--ServerSession(1292538818)--Thread(Thread[Test worker,5,main])--The access type for the persistent class [class com.athena.shared.entity.report.ArtLangMaster] is set to [FIELD].
[EL Config]: metadata: 2015-12-21 06:54:18.529--ServerSession(1292538818)--Thread(Thread[Test worker,5,main])--The access type for the persistent class [class salesdemo.app.shared.contacts.Title] is set to [FIELD].
[EL Config]: metadata: 2015-12-21 06:54:18.53--ServerSession(1292538818)--Thread(Thread[Test worker,5,main])--The access type for the persistent class [class com.athena.shared.entity.query.ArtDatabaseOperators] is set to [FIELD].
[EL Config]: metadata: 2015-12-21 06:54:18.53--ServerSession(1292538818)--Thread(Thread[Test worker,5,main])--The access type for the persistent class [class salesdemo.app.shared.contacts.CommunicationGroup] is set to [FIELD].
[EL Config]: metadata: 2015-12-21 06:54:18.53--ServerSession(1292538818)--Thread(Thread[Test worker,5,main])--The access type for the persistent class [class salesdemo.app.shared.authentication.Question] is set to [FIELD].
[EL Config]: metadata: 2015-12-21 06:54:18.531--ServerSession(1292538818)--Thread(Thread[Test worker,5,main])--The access type for the persistent class [class com.athena.cloud.shared.entity.CloudDriveFileShared] is set to [FIELD].
[EL Config]: metadata: 2015-12-21 06:54:18.531--ServerSession(1292538818)--Thread(Thread[Test worker,5,main])--The target entity (reference) class for the one to one mapping element [field file] is being defaulted to: class com.athena.cloud.shared.entity.CloudDriveFiles.
[EL Config]: metadata: 2015-12-21 06:54:18.531--ServerSession(1292538818)--Thread(Thread[Test worker,5,main])--The access type for the persistent class [class salesdemo.app.shared.authorization.UserRoleBridge] is set to [FIELD].
[EL Config]: metadata: 2015-12-21 06:54:18.532--ServerSession(1292538818)--Thread(Thread[Test worker,5,main])--The access type for the persistent class [class salesdemo.app.shared.customers.AppCustomer] is set to [FIELD].
[EL Config]: metadata: 2015-12-21 06:54:18.532--ServerSession(1292538818)--Thread(Thread[Test worker,5,main])--The access type for the persistent class [class salesdemo.app.shared.location.City] is set to [FIELD].
[EL Config]: metadata: 2015-12-21 06:54:18.533--ServerSession(1292538818)--Thread(Thread[Test worker,5,main])--The access type for the persistent class [class salesdemo.app.shared.authentication.UserData] is set to [FIELD].
[EL Config]: metadata: 2015-12-21 06:54:18.533--ServerSession(1292538818)--Thread(Thread[Test worker,5,main])--The target entity (reference) class for the one to one mapping element [field user] is being defaulted to: class salesdemo.app.shared.authentication.User.
[EL Config]: metadata: 2015-12-21 06:54:18.533--ServerSession(1292538818)--Thread(Thread[Test worker,5,main])--The access type for the persistent class [class salesdemo.app.shared.location.Currency] is set to [FIELD].
[EL Config]: metadata: 2015-12-21 06:54:18.534--ServerSession(1292538818)--Thread(Thread[Test worker,5,main])--The access type for the persistent class [class salesdemo.app.shared.contacts.ContactType] is set to [FIELD].
[EL Config]: metadata: 2015-12-21 06:54:18.534--ServerSession(1292538818)--Thread(Thread[Test worker,5,main])--The access type for the persistent class [class com.spartan.healthmeter.entity.ZenHealthStatus] is set to [FIELD].
[EL Config]: metadata: 2015-12-21 06:54:18.534--ServerSession(1292538818)--Thread(Thread[Test worker,5,main])--The access type for the persistent class [class salesdemo.app.shared.authentication.PasswordAlgo] is set to [FIELD].
[EL Config]: metadata: 2015-12-21 06:54:18.535--ServerSession(1292538818)--Thread(Thread[Test worker,5,main])--The access type for the persistent class [class salesdemo.app.shared.location.Taluka] is set to [FIELD].
[EL Config]: metadata: 2015-12-21 06:54:18.535--ServerSession(1292538818)--Thread(Thread[Test worker,5,main])--The access type for the persistent class [class com.athena.cloud.shared.entity.CloudDriveDefaultTags] is set to [FIELD].
[EL Config]: metadata: 2015-12-21 06:54:18.535--ServerSession(1292538818)--Thread(Thread[Test worker,5,main])--The access type for the persistent class [class com.athena.shared.entity.query.ArtTableFieldDetails] is set to [FIELD].
[EL Config]: metadata: 2015-12-21 06:54:18.536--ServerSession(1292538818)--Thread(Thread[Test worker,5,main])--The target entity (reference) class for the many to one mapping element [field awsTableDetail] is being defaulted to: class com.athena.shared.entity.query.ArtTableDetails.
[EL Config]: metadata: 2015-12-21 06:54:18.537--ServerSession(1292538818)--Thread(Thread[Test worker,5,main])--The access type for the persistent class [class salesdemo.app.shared.contacts.CommunicationType] is set to [FIELD].
[EL Config]: metadata: 2015-12-21 06:54:18.537--ServerSession(1292538818)--Thread(Thread[Test worker,5,main])--The access type for the persistent class [class salesdemo.app.shared.customers.AppCustomerType] is set to [FIELD].
[EL Config]: metadata: 2015-12-21 06:54:18.537--ServerSession(1292538818)--Thread(Thread[Test worker,5,main])--The access type for the persistent class [class salesdemo.app.shared.location.Timezone] is set to [FIELD].
[EL Config]: metadata: 2015-12-21 06:54:18.538--ServerSession(1292538818)--Thread(Thread[Test worker,5,main])--The access type for the persistent class [class com.spartan.healthmeter.entity.ZenRequestDetails] is set to [FIELD].
[EL Config]: metadata: 2015-12-21 06:54:18.538--ServerSession(1292538818)--Thread(Thread[Test worker,5,main])--The access type for the persistent class [class com.athena.ruleengine.shared.ArtRules] is set to [FIELD].
[EL Config]: metadata: 2015-12-21 06:54:18.539--ServerSession(1292538818)--Thread(Thread[Test worker,5,main])--The access type for the persistent class [class com.athena.shared.entity.report.ArtReportBuilderDetails] is set to [FIELD].
[EL Config]: metadata: 2015-12-21 06:54:18.54--ServerSession(1292538818)--Thread(Thread[Test worker,5,main])--The access type for the persistent class [class com.athena.cloud.shared.entity.CloudDriveTagFiles] is set to [FIELD].
[EL Config]: metadata: 2015-12-21 06:54:18.54--ServerSession(1292538818)--Thread(Thread[Test worker,5,main])--The target entity (reference) class for the one to one mapping element [field tags] is being defaulted to: class com.athena.cloud.shared.entity.CloudDriveTags.
[EL Config]: metadata: 2015-12-21 06:54:18.54--ServerSession(1292538818)--Thread(Thread[Test worker,5,main])--The target entity (reference) class for the one to one mapping element [field file] is being defaulted to: class com.athena.cloud.shared.entity.CloudDriveFiles.
[EL Config]: metadata: 2015-12-21 06:54:18.54--ServerSession(1292538818)--Thread(Thread[Test worker,5,main])--The access type for the persistent class [class com.spartan.healthmeter.entity.ZenHealthCounter] is set to [FIELD].
[EL Config]: metadata: 2015-12-21 06:54:18.54--ServerSession(1292538818)--Thread(Thread[Test worker,5,main])--The access type for the persistent class [class salesdemo.app.shared.authentication.UserAccessLevel] is set to [FIELD].
[EL Config]: metadata: 2015-12-21 06:54:18.541--ServerSession(1292538818)--Thread(Thread[Test worker,5,main])--The access type for the persistent class [class com.spartan.healthmeter.entity.ZenHealth] is set to [FIELD].
[EL Config]: metadata: 2015-12-21 06:54:18.542--ServerSession(1292538818)--Thread(Thread[Test worker,5,main])--The access type for the persistent class [class com.athena.shared.entity.report.ArtChartDataFieldJson] is set to [FIELD].
[EL Config]: metadata: 2015-12-21 06:54:18.542--ServerSession(1292538818)--Thread(Thread[Test worker,5,main])--The access type for the persistent class [class com.athena.shared.entity.report.ArtReportUI] is set to [FIELD].
[EL Config]: metadata: 2015-12-21 06:54:18.543--ServerSession(1292538818)--Thread(Thread[Test worker,5,main])--The access type for the persistent class [class salesdemo.app.shared.location.Country] is set to [FIELD].
[EL Config]: metadata: 2015-12-21 06:54:18.544--ServerSession(1292538818)--Thread(Thread[Test worker,5,main])--The access type for the persistent class [class salesdemo.app.shared.location.AddressExtended] is set to [FIELD].
[EL Config]: metadata: 2015-12-21 06:54:18.544--ServerSession(1292538818)--Thread(Thread[Test worker,5,main])--The access type for the persistent class [class com.athena.shared.entity.report.ArtService] is set to [FIELD].
[EL Config]: metadata: 2015-12-21 06:54:18.544--ServerSession(1292538818)--Thread(Thread[Test worker,5,main])--The target entity (reference) class for the one to many mapping element [field artServiceOperations] is being defaulted to: class com.athena.shared.entity.report.ArtServiceOperation.
[EL Config]: metadata: 2015-12-21 06:54:18.545--ServerSession(1292538818)--Thread(Thread[Test worker,5,main])--The access type for the persistent class [class salesdemo.app.shared.authorization.RoleMenuBridge] is set to [FIELD].
[EL Config]: metadata: 2015-12-21 06:54:18.545--ServerSession(1292538818)--Thread(Thread[Test worker,5,main])--The target entity (reference) class for the one to one mapping element [field roles] is being defaulted to: class salesdemo.app.shared.authorization.Roles.
[EL Config]: metadata: 2015-12-21 06:54:18.545--ServerSession(1292538818)--Thread(Thread[Test worker,5,main])--The access type for the persistent class [class com.athena.server.bean.EntityBean] is set to [FIELD].
[EL Config]: metadata: 2015-12-21 06:54:18.546--ServerSession(1292538818)--Thread(Thread[Test worker,5,main])--The access type for the persistent class [class salesdemo.app.shared.authentication.UserAccessDomain] is set to [FIELD].
[EL Config]: metadata: 2015-12-21 06:54:18.546--ServerSession(1292538818)--Thread(Thread[Test worker,5,main])--The access type for the persistent class [class salesdemo.app.shared.authentication.Login] is set to [FIELD].
[EL Config]: metadata: 2015-12-21 06:54:18.546--ServerSession(1292538818)--Thread(Thread[Test worker,5,main])--The target entity (reference) class for the one to one mapping element [field coreContacts] is being defaulted to: class salesdemo.app.shared.contacts.CoreContacts.
[EL Config]: metadata: 2015-12-21 06:54:18.547--ServerSession(1292538818)--Thread(Thread[Test worker,5,main])--The target entity (reference) class for the one to one mapping element [field user] is being defaulted to: class salesdemo.app.shared.authentication.User.
[EL Config]: metadata: 2015-12-21 06:54:18.547--ServerSession(1292538818)--Thread(Thread[Test worker,5,main])--The access type for the persistent class [class salesdemo.app.shared.contacts.CoreContacts] is set to [FIELD].
[EL Config]: metadata: 2015-12-21 06:54:18.547--ServerSession(1292538818)--Thread(Thread[Test worker,5,main])--The target entity (reference) class for the one to one mapping element [field timezone] is being defaulted to: class salesdemo.app.shared.location.Timezone.
[EL Config]: metadata: 2015-12-21 06:54:18.547--ServerSession(1292538818)--Thread(Thread[Test worker,5,main])--The target entity (reference) class for the one to many mapping element [field address] is being defaulted to: class salesdemo.app.shared.location.Address.
[EL Config]: metadata: 2015-12-21 06:54:18.548--ServerSession(1292538818)--Thread(Thread[Test worker,5,main])--The target entity (reference) class for the one to many mapping element [field communicationData] is being defaulted to: class salesdemo.app.shared.contacts.CommunicationData.
[EL Config]: metadata: 2015-12-21 06:54:18.548--ServerSession(1292538818)--Thread(Thread[Test worker,5,main])--The access type for the persistent class [class com.athena.shared.entity.query.ArtDatabaseAggregate] is set to [FIELD].
[EL Config]: metadata: 2015-12-21 06:54:18.548--ServerSession(1292538818)--Thread(Thread[Test worker,5,main])--The access type for the persistent class [class salesdemo.app.shared.customers.AppCustomerCategory] is set to [FIELD].
[EL Config]: metadata: 2015-12-21 06:54:18.549--ServerSession(1292538818)--Thread(Thread[Test worker,5,main])--The access type for the persistent class [class salesdemo.app.shared.SystemInfo] is set to [FIELD].
[EL Config]: metadata: 2015-12-21 06:54:18.55--ServerSession(1292538818)--Thread(Thread[Test worker,5,main])--The access type for the persistent class [class salesdemo.app.shared.EntityAudit] is set to [FIELD].
[EL Config]: metadata: 2015-12-21 06:54:18.556--ServerSession(1292538818)--Thread(Thread[Test worker,5,main])--The alias name for the entity class [class salesdemo.app.shared.location.State] is being defaulted to: State.
[EL Config]: metadata: 2015-12-21 06:54:18.57--ServerSession(1292538818)--Thread(Thread[Test worker,5,main])--The alias name for the entity class [class com.athena.shared.entity.query.ArtQuery] is being defaulted to: ArtQuery.
[EL Config]: metadata: 2015-12-21 06:54:18.571--ServerSession(1292538818)--Thread(Thread[Test worker,5,main])--The alias name for the entity class [class com.athena.shared.entity.query.ArtMenu] is being defaulted to: ArtMenu.
[EL Config]: metadata: 2015-12-21 06:54:18.572--ServerSession(1292538818)--Thread(Thread[Test worker,5,main])--The alias name for the entity class [class salesdemo.app.shared.location.AddressType] is being defaulted to: AddressType.
[EL Config]: metadata: 2015-12-21 06:54:18.573--ServerSession(1292538818)--Thread(Thread[Test worker,5,main])--The alias name for the entity class [class salesdemo.app.shared.location.Region] is being defaulted to: Region.
[EL Config]: metadata: 2015-12-21 06:54:18.573--ServerSession(1292538818)--Thread(Thread[Test worker,5,main])--The alias name for the entity class [class com.athena.shared.entity.query.ArtTableEntityRelation] is being defaulted to: ArtTableEntityRelation.
[EL Config]: metadata: 2015-12-21 06:54:18.574--ServerSession(1292538818)--Thread(Thread[Test worker,5,main])--The alias name for the entity class [class salesdemo.app.shared.authentication.LoginSession] is being defaulted to: LoginSession.
[EL Config]: metadata: 2015-12-21 06:54:18.575--ServerSession(1292538818)--Thread(Thread[Test worker,5,main])--The alias name for the entity class [class com.athena.cloud.shared.entity.CloudDriveTags] is being defaulted to: CloudDriveTags.
[EL Config]: metadata: 2015-12-21 06:54:18.575--ServerSession(1292538818)--Thread(Thread[Test worker,5,main])--The alias name for the entity class [class com.athena.shared.entity.report.ArtServiceOperation] is being defaulted to: ArtServiceOperation.
[EL Config]: metadata: 2015-12-21 06:54:18.576--ServerSession(1292538818)--Thread(Thread[Test worker,5,main])--The alias name for the entity class [class com.athena.shared.entity.report.ArtChartTemplate] is being defaulted to: ArtChartTemplate.
[EL Config]: metadata: 2015-12-21 06:54:18.577--ServerSession(1292538818)--Thread(Thread[Test worker,5,main])--The alias name for the entity class [class salesdemo.app.shared.contacts.CommunicationData] is being defaulted to: CommunicationData.
[EL Config]: metadata: 2015-12-21 06:54:18.577--ServerSession(1292538818)--Thread(Thread[Test worker,5,main])--The alias name for the entity class [class salesdemo.app.shared.contacts.Gender] is being defaulted to: Gender.
[EL Config]: metadata: 2015-12-21 06:54:18.577--ServerSession(1292538818)--Thread(Thread[Test worker,5,main])--The alias name for the entity class [class com.athena.cloud.shared.entity.CloudDriveFiles] is being defaulted to: CloudDriveFiles.
[EL Config]: metadata: 2015-12-21 06:54:18.578--ServerSession(1292538818)--Thread(Thread[Test worker,5,main])--The alias name for the entity class [class salesdemo.app.shared.authentication.PasswordPolicy] is being defaulted to: PasswordPolicy.
[EL Config]: metadata: 2015-12-21 06:54:18.579--ServerSession(1292538818)--Thread(Thread[Test worker,5,main])--The alias name for the entity class [class salesdemo.app.shared.authorization.AppMenus] is being defaulted to: AppMenus.
[EL Config]: metadata: 2015-12-21 06:54:18.579--ServerSession(1292538818)--Thread(Thread[Test worker,5,main])--The alias name for the entity class [class com.athena.shared.entity.query.ArtTableDetails] is being defaulted to: ArtTableDetails.
[EL Config]: metadata: 2015-12-21 06:54:18.58--ServerSession(1292538818)--Thread(Thread[Test worker,5,main])--The alias name for the entity class [class com.athena.shared.entity.report.ArtChartCategory] is being defaulted to: ArtChartCategory.
[EL Config]: metadata: 2015-12-21 06:54:18.581--ServerSession(1292538818)--Thread(Thread[Test worker,5,main])--The alias name for the entity class [class salesdemo.app.shared.authentication.PassRecovery] is being defaulted to: PassRecovery.
[EL Config]: metadata: 2015-12-21 06:54:18.581--ServerSession(1292538818)--Thread(Thread[Test worker,5,main])--The alias name for the entity class [class com.athena.shared.entity.report.ArtChartJson] is being defaulted to: ArtChartJson.
[EL Config]: metadata: 2015-12-21 06:54:18.581--ServerSession(1292538818)--Thread(Thread[Test worker,5,main])--The alias name for the entity class [class salesdemo.app.shared.location.Language] is being defaulted to: Language.
[EL Config]: metadata: 2015-12-21 06:54:18.582--ServerSession(1292538818)--Thread(Thread[Test worker,5,main])--The alias name for the entity class [class com.spartan.healthmeter.entity.ZenHealthGauge] is being defaulted to: ZenHealthGauge.
[EL Config]: metadata: 2015-12-21 06:54:18.582--ServerSession(1292538818)--Thread(Thread[Test worker,5,main])--The alias name for the entity class [class com.athena.cloud.shared.entity.CloudDriveContentType] is being defaulted to: CloudDriveContentType.
[EL Config]: metadata: 2015-12-21 06:54:18.583--ServerSession(1292538818)--Thread(Thread[Test worker,5,main])--The alias name for the entity class [class com.athena.shared.entity.report.ArtChartProperties] is being defaulted to: ArtChartProperties.
[EL Config]: metadata: 2015-12-21 06:54:18.583--ServerSession(1292538818)--Thread(Thread[Test worker,5,main])--The alias name for the entity class [class salesdemo.app.shared.authorization.Roles] is being defaulted to: Roles.
[EL Config]: metadata: 2015-12-21 06:54:18.584--ServerSession(1292538818)--Thread(Thread[Test worker,5,main])--The alias name for the entity class [class com.athena.shared.entity.query.ArtUserLastStatus] is being defaulted to: ArtUserLastStatus.
[EL Config]: metadata: 2015-12-21 06:54:18.584--ServerSession(1292538818)--Thread(Thread[Test worker,5,main])--The alias name for the entity class [class com.athena.shared.entity.query.ArtMasterForm] is being defaulted to: ArtMasterForm.
[EL Config]: metadata: 2015-12-21 06:54:18.585--ServerSession(1292538818)--Thread(Thread[Test worker,5,main])--The alias name for the entity class [class salesdemo.app.shared.authentication.SessionData] is being defaulted to: SessionData.
[EL Config]: metadata: 2015-12-21 06:54:18.586--ServerSession(1292538818)--Thread(Thread[Test worker,5,main])--The alias name for the entity class [class com.athena.deo.model.AwsExternalIntegration] is being defaulted to: AwsExternalIntegration.
[EL Config]: metadata: 2015-12-21 06:54:18.586--ServerSession(1292538818)--Thread(Thread[Test worker,5,main])--The alias name for the entity class [class salesdemo.app.shared.location.Address] is being defaulted to: Address.
[EL Config]: metadata: 2015-12-21 06:54:18.587--ServerSession(1292538818)--Thread(Thread[Test worker,5,main])--The alias name for the entity class [class com.athena.shared.entity.query.ArtUserMenu] is being defaulted to: ArtUserMenu.
[EL Warning]: metadata: 2015-12-21 06:54:18.588--ServerSession(1292538818)--Thread(Thread[Test worker,5,main])--You have specified multiple ids for the entity class [com.athena.shared.entity.query.ArtUserMenu] without specifying an @IdClass. By doing this you may lose the ability to find by identity, distributed cache support etc. Note: You may however use entity manager find operations by passing a list of primary key fields. Else, you will have to use JPQL queries to read your entities. For other id options see @PrimaryKey.
[EL Config]: metadata: 2015-12-21 06:54:18.588--ServerSession(1292538818)--Thread(Thread[Test worker,5,main])--The alias name for the entity class [class com.athena.cloud.shared.entity.CloudDriveTagShared] is being defaulted to: CloudDriveTagShared.
[EL Config]: metadata: 2015-12-21 06:54:18.588--ServerSession(1292538818)--Thread(Thread[Test worker,5,main])--The column name for element [id] is being defaulted to: ID.
[EL Config]: metadata: 2015-12-21 06:54:18.588--ServerSession(1292538818)--Thread(Thread[Test worker,5,main])--The alias name for the entity class [class salesdemo.app.shared.authentication.User] is being defaulted to: User.
[EL Config]: metadata: 2015-12-21 06:54:18.589--ServerSession(1292538818)--Thread(Thread[Test worker,5,main])--The alias name for the entity class [class com.spartan.healthmeter.entity.HealthSchedulerConfiguration] is being defaulted to: HealthSchedulerConfiguration.
[EL Config]: metadata: 2015-12-21 06:54:18.59--ServerSession(1292538818)--Thread(Thread[Test worker,5,main])--The alias name for the entity class [class com.athena.cloud.shared.entity.CloudDriveFileVersion] is being defaulted to: CloudDriveFileVersion.
[EL Config]: metadata: 2015-12-21 06:54:18.59--ServerSession(1292538818)--Thread(Thread[Test worker,5,main])--The alias name for the entity class [class salesdemo.app.shared.location.Village] is being defaulted to: Village.
[EL Config]: metadata: 2015-12-21 06:54:18.591--ServerSession(1292538818)--Thread(Thread[Test worker,5,main])--The alias name for the entity class [class com.spartan.healthmeter.entity.ZenSchedulerHealth] is being defaulted to: ZenSchedulerHealth.
[EL Config]: metadata: 2015-12-21 06:54:18.592--ServerSession(1292538818)--Thread(Thread[Test worker,5,main])--The alias name for the entity class [class com.athena.shared.entity.report.ArtChartType] is being defaulted to: ArtChartType.
[EL Config]: metadata: 2015-12-21 06:54:18.592--ServerSession(1292538818)--Thread(Thread[Test worker,5,main])--The alias name for the entity class [class com.athena.shared.entity.query.ArtDatabaseFunction] is being defaulted to: ArtDatabaseFunction.
[EL Config]: metadata: 2015-12-21 06:54:18.593--ServerSession(1292538818)--Thread(Thread[Test worker,5,main])--The alias name for the entity class [class salesdemo.app.shared.location.District] is being defaulted to: District.
[EL Config]: metadata: 2015-12-21 06:54:18.593--ServerSession(1292538818)--Thread(Thread[Test worker,5,main])--The alias name for the entity class [class com.athena.shared.entity.report.ArtChartPropLanguage] is being defaulted to: ArtChartPropLanguage.
[EL Config]: metadata: 2015-12-21 06:54:18.594--ServerSession(1292538818)--Thread(Thread[Test worker,5,main])--The alias name for the entity class [class com.spartan.shield.server.entity.AppSessionConfig] is being defaulted to: AppSessionConfig.
[EL Config]: metadata: 2015-12-21 06:54:18.594--ServerSession(1292538818)--Thread(Thread[Test worker,5,main])--The alias name for the entity class [class com.athena.shared.entity.report.ArtLangMaster] is being defaulted to: ArtLangMaster.
[EL Config]: metadata: 2015-12-21 06:54:18.595--ServerSession(1292538818)--Thread(Thread[Test worker,5,main])--The alias name for the entity class [class salesdemo.app.shared.contacts.Title] is being defaulted to: Title.
[EL Config]: metadata: 2015-12-21 06:54:18.595--ServerSession(1292538818)--Thread(Thread[Test worker,5,main])--The alias name for the entity class [class com.athena.shared.entity.query.ArtDatabaseOperators] is being defaulted to: ArtDatabaseOperators.
[EL Config]: metadata: 2015-12-21 06:54:18.596--ServerSession(1292538818)--Thread(Thread[Test worker,5,main])--The alias name for the entity class [class salesdemo.app.shared.contacts.CommunicationGroup] is being defaulted to: CommunicationGroup.
[EL Config]: metadata: 2015-12-21 06:54:18.596--ServerSession(1292538818)--Thread(Thread[Test worker,5,main])--The alias name for the entity class [class salesdemo.app.shared.authentication.Question] is being defaulted to: Question.
[EL Config]: metadata: 2015-12-21 06:54:18.596--ServerSession(1292538818)--Thread(Thread[Test worker,5,main])--The alias name for the entity class [class com.athena.cloud.shared.entity.CloudDriveFileShared] is being defaulted to: CloudDriveFileShared.
[EL Config]: metadata: 2015-12-21 06:54:18.597--ServerSession(1292538818)--Thread(Thread[Test worker,5,main])--The column name for element [id] is being defaulted to: ID.
[EL Config]: metadata: 2015-12-21 06:54:18.597--ServerSession(1292538818)--Thread(Thread[Test worker,5,main])--The alias name for the entity class [class salesdemo.app.shared.authorization.UserRoleBridge] is being defaulted to: UserRoleBridge.
[EL Config]: metadata: 2015-12-21 06:54:18.597--ServerSession(1292538818)--Thread(Thread[Test worker,5,main])--The alias name for the entity class [class salesdemo.app.shared.customers.AppCustomer] is being defaulted to: AppCustomer.
[EL Config]: metadata: 2015-12-21 06:54:18.598--ServerSession(1292538818)--Thread(Thread[Test worker,5,main])--The alias name for the entity class [class salesdemo.app.shared.location.City] is being defaulted to: City.
[EL Config]: metadata: 2015-12-21 06:54:18.598--ServerSession(1292538818)--Thread(Thread[Test worker,5,main])--The alias name for the entity class [class salesdemo.app.shared.authentication.UserData] is being defaulted to: UserData.
[EL Config]: metadata: 2015-12-21 06:54:18.599--ServerSession(1292538818)--Thread(Thread[Test worker,5,main])--The alias name for the entity class [class salesdemo.app.shared.location.Currency] is being defaulted to: Currency.
[EL Config]: metadata: 2015-12-21 06:54:18.599--ServerSession(1292538818)--Thread(Thread[Test worker,5,main])--The alias name for the entity class [class salesdemo.app.shared.contacts.ContactType] is being defaulted to: ContactType.
[EL Config]: metadata: 2015-12-21 06:54:18.6--ServerSession(1292538818)--Thread(Thread[Test worker,5,main])--The alias name for the entity class [class com.spartan.healthmeter.entity.ZenHealthStatus] is being defaulted to: ZenHealthStatus.
[EL Config]: metadata: 2015-12-21 06:54:18.6--ServerSession(1292538818)--Thread(Thread[Test worker,5,main])--The alias name for the entity class [class salesdemo.app.shared.authentication.PasswordAlgo] is being defaulted to: PasswordAlgo.
[EL Config]: metadata: 2015-12-21 06:54:18.601--ServerSession(1292538818)--Thread(Thread[Test worker,5,main])--The alias name for the entity class [class salesdemo.app.shared.location.Taluka] is being defaulted to: Taluka.
[EL Config]: metadata: 2015-12-21 06:54:18.601--ServerSession(1292538818)--Thread(Thread[Test worker,5,main])--The alias name for the entity class [class com.athena.cloud.shared.entity.CloudDriveDefaultTags] is being defaulted to: CloudDriveDefaultTags.
[EL Config]: metadata: 2015-12-21 06:54:18.601--ServerSession(1292538818)--Thread(Thread[Test worker,5,main])--The alias name for the entity class [class com.athena.shared.entity.query.ArtTableFieldDetails] is being defaulted to: ArtTableFieldDetails.
[EL Config]: metadata: 2015-12-21 06:54:18.603--ServerSession(1292538818)--Thread(Thread[Test worker,5,main])--The alias name for the entity class [class salesdemo.app.shared.contacts.CommunicationType] is being defaulted to: CommunicationType.
[EL Config]: metadata: 2015-12-21 06:54:18.603--ServerSession(1292538818)--Thread(Thread[Test worker,5,main])--The alias name for the entity class [class salesdemo.app.shared.customers.AppCustomerType] is being defaulted to: AppCustomerType.
[EL Config]: metadata: 2015-12-21 06:54:18.603--ServerSession(1292538818)--Thread(Thread[Test worker,5,main])--The alias name for the entity class [class salesdemo.app.shared.location.Timezone] is being defaulted to: Timezone.
[EL Config]: metadata: 2015-12-21 06:54:18.604--ServerSession(1292538818)--Thread(Thread[Test worker,5,main])--The alias name for the entity class [class com.spartan.healthmeter.entity.ZenRequestDetails] is being defaulted to: ZenRequestDetails.
[EL Config]: metadata: 2015-12-21 06:54:18.605--ServerSession(1292538818)--Thread(Thread[Test worker,5,main])--The alias name for the entity class [class com.athena.ruleengine.shared.ArtRules] is being defaulted to: ArtRules.
[EL Config]: metadata: 2015-12-21 06:54:18.605--ServerSession(1292538818)--Thread(Thread[Test worker,5,main])--The alias name for the entity class [class com.athena.shared.entity.report.ArtReportBuilderDetails] is being defaulted to: ArtReportBuilderDetails.
[EL Config]: metadata: 2015-12-21 06:54:18.606--ServerSession(1292538818)--Thread(Thread[Test worker,5,main])--The alias name for the entity class [class com.athena.cloud.shared.entity.CloudDriveTagFiles] is being defaulted to: CloudDriveTagFiles.
[EL Config]: metadata: 2015-12-21 06:54:18.606--ServerSession(1292538818)--Thread(Thread[Test worker,5,main])--The column name for element [id] is being defaulted to: ID.
[EL Config]: metadata: 2015-12-21 06:54:18.606--ServerSession(1292538818)--Thread(Thread[Test worker,5,main])--The alias name for the entity class [class com.spartan.healthmeter.entity.ZenHealthCounter] is being defaulted to: ZenHealthCounter.
[EL Config]: metadata: 2015-12-21 06:54:18.607--ServerSession(1292538818)--Thread(Thread[Test worker,5,main])--The alias name for the entity class [class salesdemo.app.shared.authentication.UserAccessLevel] is being defaulted to: UserAccessLevel.
[EL Config]: metadata: 2015-12-21 06:54:18.607--ServerSession(1292538818)--Thread(Thread[Test worker,5,main])--The alias name for the entity class [class com.spartan.healthmeter.entity.ZenHealth] is being defaulted to: ZenHealth.
[EL Config]: metadata: 2015-12-21 06:54:18.608--ServerSession(1292538818)--Thread(Thread[Test worker,5,main])--The alias name for the entity class [class com.athena.shared.entity.report.ArtChartDataFieldJson] is being defaulted to: ArtChartDataFieldJson.
[EL Config]: metadata: 2015-12-21 06:54:18.609--ServerSession(1292538818)--Thread(Thread[Test worker,5,main])--The alias name for the entity class [class com.athena.shared.entity.report.ArtReportUI] is being defaulted to: ArtReportUI.
[EL Config]: metadata: 2015-12-21 06:54:18.61--ServerSession(1292538818)--Thread(Thread[Test worker,5,main])--The alias name for the entity class [class salesdemo.app.shared.location.Country] is being defaulted to: Country.
[EL Config]: metadata: 2015-12-21 06:54:18.61--ServerSession(1292538818)--Thread(Thread[Test worker,5,main])--The alias name for the entity class [class salesdemo.app.shared.location.AddressExtended] is being defaulted to: AddressExtended.
[EL Config]: metadata: 2015-12-21 06:54:18.611--ServerSession(1292538818)--Thread(Thread[Test worker,5,main])--The alias name for the entity class [class com.athena.shared.entity.report.ArtService] is being defaulted to: ArtService.
[EL Config]: metadata: 2015-12-21 06:54:18.612--ServerSession(1292538818)--Thread(Thread[Test worker,5,main])--The alias name for the entity class [class salesdemo.app.shared.authorization.RoleMenuBridge] is being defaulted to: RoleMenuBridge.
[EL Config]: metadata: 2015-12-21 06:54:18.612--ServerSession(1292538818)--Thread(Thread[Test worker,5,main])--The alias name for the entity class [class com.athena.server.bean.EntityBean] is being defaulted to: EntityBean.
[EL Config]: metadata: 2015-12-21 06:54:18.612--ServerSession(1292538818)--Thread(Thread[Test worker,5,main])--The table name for entity [class com.athena.server.bean.EntityBean] is being defaulted to: ENTITYBEAN.
[EL Config]: metadata: 2015-12-21 06:54:18.612--ServerSession(1292538818)--Thread(Thread[Test worker,5,main])--The column name for element [id] is being defaulted to: ID.
[EL Config]: metadata: 2015-12-21 06:54:18.612--ServerSession(1292538818)--Thread(Thread[Test worker,5,main])--The column name for element [name] is being defaulted to: NAME.
[EL Config]: metadata: 2015-12-21 06:54:18.613--ServerSession(1292538818)--Thread(Thread[Test worker,5,main])--The column name for element [fields] is being defaulted to: FIELDS.
[EL Config]: metadata: 2015-12-21 06:54:18.614--ServerSession(1292538818)--Thread(Thread[Test worker,5,main])--The alias name for the entity class [class salesdemo.app.shared.authentication.UserAccessDomain] is being defaulted to: UserAccessDomain.
[EL Config]: metadata: 2015-12-21 06:54:18.615--ServerSession(1292538818)--Thread(Thread[Test worker,5,main])--The alias name for the entity class [class salesdemo.app.shared.authentication.Login] is being defaulted to: Login.
[EL Config]: metadata: 2015-12-21 06:54:18.615--ServerSession(1292538818)--Thread(Thread[Test worker,5,main])--The alias name for the entity class [class salesdemo.app.shared.contacts.CoreContacts] is being defaulted to: CoreContacts.
[EL Config]: metadata: 2015-12-21 06:54:18.616--ServerSession(1292538818)--Thread(Thread[Test worker,5,main])--The alias name for the entity class [class com.athena.shared.entity.query.ArtDatabaseAggregate] is being defaulted to: ArtDatabaseAggregate.
[EL Config]: metadata: 2015-12-21 06:54:18.616--ServerSession(1292538818)--Thread(Thread[Test worker,5,main])--The alias name for the entity class [class salesdemo.app.shared.customers.AppCustomerCategory] is being defaulted to: AppCustomerCategory.
[EL Config]: metadata: 2015-12-21 06:54:18.627--ServerSession(1292538818)--Thread(Thread[Test worker,5,main])--The primary key column name for the mapping element [field artservice] is being defaulted to: service_id.
[EL Config]: metadata: 2015-12-21 06:54:18.64--ServerSession(1292538818)--Thread(Thread[Test worker,5,main])--The primary key column name for the mapping element [field contentType] is being defaulted to: file_mime_type.
[EL Config]: metadata: 2015-12-21 06:54:18.641--ServerSession(1292538818)--Thread(Thread[Test worker,5,main])--The primary key column name for the mapping element [field file] is being defaulted to: file_id.
[EL Config]: metadata: 2015-12-21 06:54:18.641--ServerSession(1292538818)--Thread(Thread[Test worker,5,main])--The primary key column name for the mapping element [field file] is being defaulted to: file_id.
[EL Config]: metadata: 2015-12-21 06:54:18.641--ServerSession(1292538818)--Thread(Thread[Test worker,5,main])--The primary key column name for the mapping element [field file] is being defaulted to: file_id.
[EL Info]: 2015-12-21 06:54:19.58--ServerSession(1292538818)--Thread(Thread[Test worker,5,main])--EclipseLink, version: Eclipse Persistence Services - 2.5.1.v20130918-f2b9fc5
[EL Fine]: connection: 2015-12-21 06:54:20.147--Thread(Thread[Test worker,5,main])--Detected database platform: org.eclipse.persistence.platform.database.MySQLPlatform
[EL Config]: connection: 2015-12-21 06:54:20.158--ServerSession(1292538818)--Connection(362919619)--Thread(Thread[Test worker,5,main])--connecting(DatabaseLogin(
	platform=>MySQLPlatform
	user name=> "salesdemo"
	datasource URL=> "jdbc:mysql://localhost:3306/salesdemo"
))
[EL Config]: connection: 2015-12-21 06:54:20.164--ServerSession(1292538818)--Connection(1755153416)--Thread(Thread[Test worker,5,main])--Connected: jdbc:mysql://localhost:3306/salesdemo
	User: salesdemo@2C22EEF3-027E-42C9-8D11-4B593576AC61-salesdemo-CL
	Database: MySQL  Version: 5.7.7-rc
	Driver: MySQL Connector Java  Version: mysql-connector-java-5.1.31 ( Revision: alexander.soklakov@oracle.com-20140520065950-groqzzbvxprqdmnz )
[EL Config]: connection: 2015-12-21 06:54:20.165--ServerSession(1292538818)--Connection(1028087520)--Thread(Thread[Test worker,5,main])--connecting(DatabaseLogin(
	platform=>MySQLPlatform
	user name=> "salesdemo"
	datasource URL=> "jdbc:mysql://localhost:3306/salesdemo"
))
[EL Config]: connection: 2015-12-21 06:54:20.17--ServerSession(1292538818)--Connection(1821771091)--Thread(Thread[Test worker,5,main])--Connected: jdbc:mysql://localhost:3306/salesdemo
	User: salesdemo@2C22EEF3-027E-42C9-8D11-4B593576AC61-salesdemo-CL
	Database: MySQL  Version: 5.7.7-rc
	Driver: MySQL Connector Java  Version: mysql-connector-java-5.1.31 ( Revision: alexander.soklakov@oracle.com-20140520065950-groqzzbvxprqdmnz )
[EL Config]: connection: 2015-12-21 06:54:20.171--ServerSession(1292538818)--Connection(1832371158)--Thread(Thread[Test worker,5,main])--connecting(DatabaseLogin(
	platform=>MySQLPlatform
	user name=> "salesdemo"
	datasource URL=> "jdbc:mysql://localhost:3306/salesdemo"
))
[EL Config]: connection: 2015-12-21 06:54:20.176--ServerSession(1292538818)--Connection(1635088547)--Thread(Thread[Test worker,5,main])--Connected: jdbc:mysql://localhost:3306/salesdemo
	User: salesdemo@2C22EEF3-027E-42C9-8D11-4B593576AC61-salesdemo-CL
	Database: MySQL  Version: 5.7.7-rc
	Driver: MySQL Connector Java  Version: mysql-connector-java-5.1.31 ( Revision: alexander.soklakov@oracle.com-20140520065950-groqzzbvxprqdmnz )
[EL Config]: connection: 2015-12-21 06:54:20.177--ServerSession(1292538818)--Connection(1732462417)--Thread(Thread[Test worker,5,main])--connecting(DatabaseLogin(
	platform=>MySQLPlatform
	user name=> "salesdemo"
	datasource URL=> "jdbc:mysql://localhost:3306/salesdemo"
))
[EL Config]: connection: 2015-12-21 06:54:20.183--ServerSession(1292538818)--Connection(1103347085)--Thread(Thread[Test worker,5,main])--Connected: jdbc:mysql://localhost:3306/salesdemo
	User: salesdemo@2C22EEF3-027E-42C9-8D11-4B593576AC61-salesdemo-CL
	Database: MySQL  Version: 5.7.7-rc
	Driver: MySQL Connector Java  Version: mysql-connector-java-5.1.31 ( Revision: alexander.soklakov@oracle.com-20140520065950-groqzzbvxprqdmnz )
[EL Config]: connection: 2015-12-21 06:54:20.183--ServerSession(1292538818)--Connection(433165750)--Thread(Thread[Test worker,5,main])--connecting(DatabaseLogin(
	platform=>MySQLPlatform
	user name=> "salesdemo"
	datasource URL=> "jdbc:mysql://localhost:3306/salesdemo"
))
[EL Config]: connection: 2015-12-21 06:54:20.189--ServerSession(1292538818)--Connection(1000748948)--Thread(Thread[Test worker,5,main])--Connected: jdbc:mysql://localhost:3306/salesdemo
	User: salesdemo@2C22EEF3-027E-42C9-8D11-4B593576AC61-salesdemo-CL
	Database: MySQL  Version: 5.7.7-rc
	Driver: MySQL Connector Java  Version: mysql-connector-java-5.1.31 ( Revision: alexander.soklakov@oracle.com-20140520065950-groqzzbvxprqdmnz )
[EL Config]: connection: 2015-12-21 06:54:20.19--ServerSession(1292538818)--Connection(495645732)--Thread(Thread[Test worker,5,main])--connecting(DatabaseLogin(
	platform=>MySQLPlatform
	user name=> "salesdemo"
	datasource URL=> "jdbc:mysql://localhost:3306/salesdemo"
))
[EL Config]: connection: 2015-12-21 06:54:20.195--ServerSession(1292538818)--Connection(516014647)--Thread(Thread[Test worker,5,main])--Connected: jdbc:mysql://localhost:3306/salesdemo
	User: salesdemo@2C22EEF3-027E-42C9-8D11-4B593576AC61-salesdemo-CL
	Database: MySQL  Version: 5.7.7-rc
	Driver: MySQL Connector Java  Version: mysql-connector-java-5.1.31 ( Revision: alexander.soklakov@oracle.com-20140520065950-groqzzbvxprqdmnz )
[EL Config]: connection: 2015-12-21 06:54:20.196--ServerSession(1292538818)--Connection(1119205543)--Thread(Thread[Test worker,5,main])--connecting(DatabaseLogin(
	platform=>MySQLPlatform
	user name=> "salesdemo"
	datasource URL=> "jdbc:mysql://localhost:3306/salesdemo"
))
[EL Config]: connection: 2015-12-21 06:54:20.201--ServerSession(1292538818)--Connection(505862427)--Thread(Thread[Test worker,5,main])--Connected: jdbc:mysql://localhost:3306/salesdemo
	User: salesdemo@2C22EEF3-027E-42C9-8D11-4B593576AC61-salesdemo-CL
	Database: MySQL  Version: 5.7.7-rc
	Driver: MySQL Connector Java  Version: mysql-connector-java-5.1.31 ( Revision: alexander.soklakov@oracle.com-20140520065950-groqzzbvxprqdmnz )
[EL Config]: connection: 2015-12-21 06:54:20.202--ServerSession(1292538818)--Connection(142052116)--Thread(Thread[Test worker,5,main])--connecting(DatabaseLogin(
	platform=>MySQLPlatform
	user name=> "salesdemo"
	datasource URL=> "jdbc:mysql://localhost:3306/salesdemo"
))
[EL Config]: connection: 2015-12-21 06:54:20.207--ServerSession(1292538818)--Connection(880195569)--Thread(Thread[Test worker,5,main])--Connected: jdbc:mysql://localhost:3306/salesdemo
	User: salesdemo@2C22EEF3-027E-42C9-8D11-4B593576AC61-salesdemo-CL
	Database: MySQL  Version: 5.7.7-rc
	Driver: MySQL Connector Java  Version: mysql-connector-java-5.1.31 ( Revision: alexander.soklakov@oracle.com-20140520065950-groqzzbvxprqdmnz )
[EL Config]: connection: 2015-12-21 06:54:20.207--ServerSession(1292538818)--Connection(1579567647)--Thread(Thread[Test worker,5,main])--connecting(DatabaseLogin(
	platform=>MySQLPlatform
	user name=> "salesdemo"
	datasource URL=> "jdbc:mysql://localhost:3306/salesdemo"
))
[EL Config]: connection: 2015-12-21 06:54:20.212--ServerSession(1292538818)--Connection(1283831233)--Thread(Thread[Test worker,5,main])--Connected: jdbc:mysql://localhost:3306/salesdemo
	User: salesdemo@2C22EEF3-027E-42C9-8D11-4B593576AC61-salesdemo-CL
	Database: MySQL  Version: 5.7.7-rc
	Driver: MySQL Connector Java  Version: mysql-connector-java-5.1.31 ( Revision: alexander.soklakov@oracle.com-20140520065950-groqzzbvxprqdmnz )
[EL Config]: connection: 2015-12-21 06:54:20.213--ServerSession(1292538818)--Connection(1583331622)--Thread(Thread[Test worker,5,main])--connecting(DatabaseLogin(
	platform=>MySQLPlatform
	user name=> "salesdemo"
	datasource URL=> "jdbc:mysql://localhost:3306/salesdemo"
))
[EL Config]: connection: 2015-12-21 06:54:20.218--ServerSession(1292538818)--Connection(344175002)--Thread(Thread[Test worker,5,main])--Connected: jdbc:mysql://localhost:3306/salesdemo
	User: salesdemo@2C22EEF3-027E-42C9-8D11-4B593576AC61-salesdemo-CL
	Database: MySQL  Version: 5.7.7-rc
	Driver: MySQL Connector Java  Version: mysql-connector-java-5.1.31 ( Revision: alexander.soklakov@oracle.com-20140520065950-groqzzbvxprqdmnz )
[EL Config]: connection: 2015-12-21 06:54:20.218--ServerSession(1292538818)--Connection(1375797243)--Thread(Thread[Test worker,5,main])--connecting(DatabaseLogin(
	platform=>MySQLPlatform
	user name=> "salesdemo"
	datasource URL=> "jdbc:mysql://localhost:3306/salesdemo"
))
[EL Config]: connection: 2015-12-21 06:54:20.223--ServerSession(1292538818)--Connection(842648678)--Thread(Thread[Test worker,5,main])--Connected: jdbc:mysql://localhost:3306/salesdemo
	User: salesdemo@2C22EEF3-027E-42C9-8D11-4B593576AC61-salesdemo-CL
	Database: MySQL  Version: 5.7.7-rc
	Driver: MySQL Connector Java  Version: mysql-connector-java-5.1.31 ( Revision: alexander.soklakov@oracle.com-20140520065950-groqzzbvxprqdmnz )
[EL Config]: connection: 2015-12-21 06:54:20.223--ServerSession(1292538818)--Connection(1889162828)--Thread(Thread[Test worker,5,main])--connecting(DatabaseLogin(
	platform=>MySQLPlatform
	user name=> "salesdemo"
	datasource URL=> "jdbc:mysql://localhost:3306/salesdemo"
))
[EL Config]: connection: 2015-12-21 06:54:20.229--ServerSession(1292538818)--Connection(1922687220)--Thread(Thread[Test worker,5,main])--Connected: jdbc:mysql://localhost:3306/salesdemo
	User: salesdemo@2C22EEF3-027E-42C9-8D11-4B593576AC61-salesdemo-CL
	Database: MySQL  Version: 5.7.7-rc
	Driver: MySQL Connector Java  Version: mysql-connector-java-5.1.31 ( Revision: alexander.soklakov@oracle.com-20140520065950-groqzzbvxprqdmnz )
[EL Config]: connection: 2015-12-21 06:54:20.229--ServerSession(1292538818)--Connection(1417670131)--Thread(Thread[Test worker,5,main])--connecting(DatabaseLogin(
	platform=>MySQLPlatform
	user name=> "salesdemo"
	datasource URL=> "jdbc:mysql://localhost:3306/salesdemo"
))
[EL Config]: connection: 2015-12-21 06:54:20.234--ServerSession(1292538818)--Connection(546788077)--Thread(Thread[Test worker,5,main])--Connected: jdbc:mysql://localhost:3306/salesdemo
	User: salesdemo@2C22EEF3-027E-42C9-8D11-4B593576AC61-salesdemo-CL
	Database: MySQL  Version: 5.7.7-rc
	Driver: MySQL Connector Java  Version: mysql-connector-java-5.1.31 ( Revision: alexander.soklakov@oracle.com-20140520065950-groqzzbvxprqdmnz )
[EL Config]: connection: 2015-12-21 06:54:20.234--ServerSession(1292538818)--Connection(784684626)--Thread(Thread[Test worker,5,main])--connecting(DatabaseLogin(
	platform=>MySQLPlatform
	user name=> "salesdemo"
	datasource URL=> "jdbc:mysql://localhost:3306/salesdemo"
))
[EL Config]: connection: 2015-12-21 06:54:20.239--ServerSession(1292538818)--Connection(931623960)--Thread(Thread[Test worker,5,main])--Connected: jdbc:mysql://localhost:3306/salesdemo
	User: salesdemo@2C22EEF3-027E-42C9-8D11-4B593576AC61-salesdemo-CL
	Database: MySQL  Version: 5.7.7-rc
	Driver: MySQL Connector Java  Version: mysql-connector-java-5.1.31 ( Revision: alexander.soklakov@oracle.com-20140520065950-groqzzbvxprqdmnz )
[EL Config]: connection: 2015-12-21 06:54:20.239--ServerSession(1292538818)--Connection(500625443)--Thread(Thread[Test worker,5,main])--connecting(DatabaseLogin(
	platform=>MySQLPlatform
	user name=> "salesdemo"
	datasource URL=> "jdbc:mysql://localhost:3306/salesdemo"
))
[EL Config]: connection: 2015-12-21 06:54:20.245--ServerSession(1292538818)--Connection(215310481)--Thread(Thread[Test worker,5,main])--Connected: jdbc:mysql://localhost:3306/salesdemo
	User: salesdemo@2C22EEF3-027E-42C9-8D11-4B593576AC61-salesdemo-CL
	Database: MySQL  Version: 5.7.7-rc
	Driver: MySQL Connector Java  Version: mysql-connector-java-5.1.31 ( Revision: alexander.soklakov@oracle.com-20140520065950-groqzzbvxprqdmnz )
[EL Config]: connection: 2015-12-21 06:54:20.245--ServerSession(1292538818)--Connection(215310481)--Thread(Thread[Test worker,5,main])--disconnect
[EL Warning]: metadata: 2015-12-21 06:54:20.255--ServerSession(1292538818)--Thread(Thread[Test worker,5,main])--Reverting the lazy setting on the OneToOne or ManyToOne attribute [user] for the entity class [class salesdemo.app.shared.authentication.UserData] since weaving was not enabled or did not occur.
[EL Warning]: metadata: 2015-12-21 06:54:20.258--ServerSession(1292538818)--Thread(Thread[Test worker,5,main])--Reverting the lazy setting on the OneToOne or ManyToOne attribute [coreContacts] for the entity class [class salesdemo.app.shared.authentication.Login] since weaving was not enabled or did not occur.
[EL Warning]: metadata: 2015-12-21 06:54:20.258--ServerSession(1292538818)--Thread(Thread[Test worker,5,main])--Reverting the lazy setting on the OneToOne or ManyToOne attribute [user] for the entity class [class salesdemo.app.shared.authentication.Login] since weaving was not enabled or did not occur.
[EL Warning]: metadata: 2015-12-21 06:54:20.261--ServerSession(1292538818)--Thread(Thread[Test worker,5,main])--Reverting the lazy setting on the OneToOne or ManyToOne attribute [userData] for the entity class [class salesdemo.app.shared.authentication.User] since weaving was not enabled or did not occur.
[EL Warning]: metadata: 2015-12-21 06:54:20.267--ServerSession(1292538818)--Thread(Thread[Test worker,5,main])--Reverting the lazy setting on the OneToOne or ManyToOne attribute [timezone] for the entity class [class salesdemo.app.shared.contacts.CoreContacts] since weaving was not enabled or did not occur.
[EL Warning]: metadata: 2015-12-21 06:54:20.268--ServerSession(1292538818)--Thread(Thread[Test worker,5,main])--Reverting the lazy setting on the OneToOne or ManyToOne attribute [user] for the entity class [class salesdemo.app.shared.authentication.PassRecovery] since weaving was not enabled or did not occur.
[EL Info]: connection: 2015-12-21 06:54:20.553--ServerSession(1292538818)--Thread(Thread[Test worker,5,main])--file:/home/applifire/workspace/salesdemo/build/resources/main_salesdemo login successful
inside Disk Health
NOTIFYING OBSERVERS
notification received to observer
Queue manager defined with queue type 0 and size 100000
Event Queue Consumer started
came in healthmeter bean
came in initHealth
 Queue manager qType : 0
 Queue manager qSize : 10000
Queue manager defined with queue type 0 and size 10000
Event Queue Consumer started
+++++++++++++++++++++++++++++++++++++++++++++++++++++++++++++++
creating bean JpqlToSqlConfig
In around applifire repository aspect
Creating dir for logger @ logs/backups
Creating backup dir for logger @ logs/backups
Mon Dec 21 06:54:23 UTC 2015|DH-TP|***.***.***| appLogger : Starting all DataHandler Worker Threads.....
[EL Fine]: sql: 2015-12-21 06:54:23.664--ClientSession(1714869521)--Connection(931623960)--Thread(Thread[Test worker,5,main])--SELECT query_id, active_status, app_creator_id, created_by, created_date, hidden_name, jpql_query, name, project_id, project_version_id, query_json, query_type, sql_query, updated_by, updated_date, user_access, version_id FROM art_query WHERE ((active_status = ?) AND (sql_query IS NULL))
	bind => [true]
[EL Config]: connection: 2015-12-21 06:54:23.94--ServerSession(1292538818)--Connection(931623960)--Thread(Thread[Test worker,5,main])--disconnect
[EL Fine]: sql: 2015-12-21 06:54:23.947--ClientSession(682080188)--Connection(546788077)--Thread(Thread[Test worker,5,main])--SELECT query_id, active_status, app_creator_id, created_by, created_date, hidden_name, jpql_query, name, project_id, project_version_id, query_json, query_type, sql_query, updated_by, updated_date, user_access, version_id FROM art_query WHERE (query_id = ?)
	bind => [20E4B0C7-4C04-4629-BA5D-BA569309013E]
[EL Fine]: sql: 2015-12-21 06:54:23.949--ClientSession(682080188)--Connection(546788077)--Thread(Thread[Test worker,5,main])--UPDATE art_query SET sql_query = ? WHERE (query_id = ?)
	bind => [SELECT t0.loginPk, t0.failedLoginAttempts, t0.loginId, t0.serverAuthImage, t0.serverAuthText, t0.versionId, t0.createdBy, t0.createdDate, t0.updatedBy, t0.updatedDate, t0.activeStatus, t0.txnAccessCode, t0.contactId, t0.userId FROM ast_Login_T t0, ast_User_T t1 WHERE (((t0.activeStatus = ?) AND t1.userId IN (SELECT t2.userId FROM ast_UserRoleBridge_T t2)) AND (t1.userId = t0.userId)), 20E4B0C7-4C04-4629-BA5D-BA569309013E]
[EL Config]: connection: 2015-12-21 06:54:23.954--ServerSession(1292538818)--Connection(546788077)--Thread(Thread[Test worker,5,main])--disconnect
[EL Fine]: sql: 2015-12-21 06:54:23.956--ClientSession(1632338952)--Connection(1922687220)--Thread(Thread[Test worker,5,main])--SELECT query_id, active_status, app_creator_id, created_by, created_date, hidden_name, jpql_query, name, project_id, project_version_id, query_json, query_type, sql_query, updated_by, updated_date, user_access, version_id FROM art_query WHERE (query_id = ?)
	bind => [3B1E6B0D-0B6C-4672-AEDD-885836A7C738]
[EL Fine]: sql: 2015-12-21 06:54:23.958--ClientSession(1632338952)--Connection(1922687220)--Thread(Thread[Test worker,5,main])--UPDATE art_query SET sql_query = ? WHERE (query_id = ?)
	bind => [SELECT t0.loginPk, t0.failedLoginAttempts, t0.loginId, t0.serverAuthImage, t0.serverAuthText, t0.versionId, t0.createdBy, t0.createdDate, t0.updatedBy, t0.updatedDate, t0.activeStatus, t0.txnAccessCode, t0.contactId, t0.userId FROM ast_Login_T t0, ast_User_T t1 WHERE (((t0.activeStatus = ?) AND t1.userId NOT IN (SELECT t2.userId FROM ast_UserRoleBridge_T t2)) AND (t1.userId = t0.userId)), 3B1E6B0D-0B6C-4672-AEDD-885836A7C738]
[EL Config]: connection: 2015-12-21 06:54:23.961--ServerSession(1292538818)--Connection(1922687220)--Thread(Thread[Test worker,5,main])--disconnect
[EL Fine]: sql: 2015-12-21 06:54:23.971--ClientSession(145213990)--Connection(842648678)--Thread(Thread[Test worker,5,main])--SELECT query_id, active_status, app_creator_id, created_by, created_date, hidden_name, jpql_query, name, project_id, project_version_id, query_json, query_type, sql_query, updated_by, updated_date, user_access, version_id FROM art_query WHERE (query_id = ?)
	bind => [5D4CB41C-8699-4EBE-B507-5590F1C3E05F]
[EL Fine]: sql: 2015-12-21 06:54:23.973--ClientSession(145213990)--Connection(842648678)--Thread(Thread[Test worker,5,main])--UPDATE art_query SET sql_query = ? WHERE (query_id = ?)
	bind => [SELECT t0.requestId, t0.class_Name, t0.ip_Address, t0.request_Time, t0.request_Method, t0.http_Status, t0.return_Status, t0.execution_Time, t0.method_Name, t0.end_Time, t0.typeofClass, t0.callSeqId, t0.exceptionId, t0.appSessionId, t0.userId, t1.firstName FROM ast_User_T t3, ast_Login_T t2, ast_CoreContacts_T t1, zen_request_details t0 WHERE ((t3.userId = t0.userId) AND ((t3.userId = t2.userId) AND (t1.contactId = t2.contactId))) ORDER BY t0.request_Time DESC, 5D4CB41C-8699-4EBE-B507-5590F1C3E05F]
[EL Config]: connection: 2015-12-21 06:54:23.976--ServerSession(1292538818)--Connection(842648678)--Thread(Thread[Test worker,5,main])--disconnect
[EL Fine]: sql: 2015-12-21 06:54:23.978--ClientSession(513485460)--Connection(344175002)--Thread(Thread[Test worker,5,main])--SELECT query_id, active_status, app_creator_id, created_by, created_date, hidden_name, jpql_query, name, project_id, project_version_id, query_json, query_type, sql_query, updated_by, updated_date, user_access, version_id FROM art_query WHERE (query_id = ?)
	bind => [737381C4-EC82-4063-8BD3-B94765E39156]
[EL Fine]: sql: 2015-12-21 06:54:23.979--ClientSession(513485460)--Connection(344175002)--Thread(Thread[Test worker,5,main])--UPDATE art_query SET sql_query = ? WHERE (query_id = ?)
	bind => [SELECT dataId, appSessionId, booleanValue, customerId, dataType, dateTimeValue, jsonValue, numberValue, sessionKey, stringValue, userId, versionId, createdBy, createdDate, updatedBy, updatedDate, activeStatus, txnAccessCode FROM ast_SessionData_T WHERE (((activeStatus = ?) AND (appSessionId = ?)) AND (sessionKey = ?)), 737381C4-EC82-4063-8BD3-B94765E39156]
[EL Config]: connection: 2015-12-21 06:54:23.982--ServerSession(1292538818)--Connection(344175002)--Thread(Thread[Test worker,5,main])--disconnect
[EL Fine]: sql: 2015-12-21 06:54:23.984--ClientSession(40782643)--Connection(1283831233)--Thread(Thread[Test worker,5,main])--SELECT query_id, active_status, app_creator_id, created_by, created_date, hidden_name, jpql_query, name, project_id, project_version_id, query_json, query_type, sql_query, updated_by, updated_date, user_access, version_id FROM art_query WHERE (query_id = ?)
	bind => [CED2693C-03E9-46AF-8A57-DC4239D6F45E]
[EL Fine]: sql: 2015-12-21 06:54:23.985--ClientSession(40782643)--Connection(1283831233)--Thread(Thread[Test worker,5,main])--UPDATE art_query SET sql_query = ? WHERE (query_id = ?)
	bind => [DELETE FROM ast_SessionData_T WHERE ((activeStatus = ?) AND (appSessionId = ?)), CED2693C-03E9-46AF-8A57-DC4239D6F45E]
[EL Config]: connection: 2015-12-21 06:54:23.988--ServerSession(1292538818)--Connection(1283831233)--Thread(Thread[Test worker,5,main])--disconnect
[EL Fine]: sql: 2015-12-21 06:54:23.995--ClientSession(1810868601)--Connection(880195569)--Thread(Thread[Test worker,5,main])--SELECT query_id, active_status, app_creator_id, created_by, created_date, hidden_name, jpql_query, name, project_id, project_version_id, query_json, query_type, sql_query, updated_by, updated_date, user_access, version_id FROM art_query WHERE (query_id = ?)
	bind => [D84262C4-F8E2-439F-9C19-332F7A5CE83E]
[EL Fine]: sql: 2015-12-21 06:54:23.996--ClientSession(1810868601)--Connection(880195569)--Thread(Thread[Test worker,5,main])--UPDATE art_query SET sql_query = ? WHERE (query_id = ?)
	bind => [SELECT healthId, scheduled_DateTime, server_Instance_Id, server_Ip_Address, ROUND((? - ((used_Space / total_Space) * ?))), ROUND(((used_Space / total_Space) * ?)), ROUND(((total_Space / ?) / ?)), status FROM zen_health_status ORDER BY scheduled_DateTime DESC, D84262C4-F8E2-439F-9C19-332F7A5CE83E]
[EL Config]: connection: 2015-12-21 06:54:23.999--ServerSession(1292538818)--Connection(880195569)--Thread(Thread[Test worker,5,main])--disconnect
[EL Fine]: sql: 2015-12-21 06:54:24.001--ClientSession(306975489)--Connection(505862427)--Thread(Thread[Test worker,5,main])--SELECT query_id, active_status, app_creator_id, created_by, created_date, hidden_name, jpql_query, name, project_id, project_version_id, query_json, query_type, sql_query, updated_by, updated_date, user_access, version_id FROM art_query WHERE (query_id = ?)
	bind => [EC084EE6-CC68-4DA8-B1CD-39F5C569A7DE]
[EL Fine]: sql: 2015-12-21 06:54:24.002--ClientSession(306975489)--Connection(505862427)--Thread(Thread[Test worker,5,main])--UPDATE art_query SET sql_query = ? WHERE (query_id = ?)
	bind => [SELECT dataId, appSessionId, booleanValue, customerId, dataType, dateTimeValue, jsonValue, numberValue, sessionKey, stringValue, userId, versionId, createdBy, createdDate, updatedBy, updatedDate, activeStatus, txnAccessCode FROM ast_SessionData_T WHERE ((activeStatus = ?) AND (appSessionId = ?)), EC084EE6-CC68-4DA8-B1CD-39F5C569A7DE]
[EL Config]: connection: 2015-12-21 06:54:24.005--ServerSession(1292538818)--Connection(505862427)--Thread(Thread[Test worker,5,main])--disconnect
[EL Fine]: sql: 2015-12-21 06:54:24.013--ClientSession(653793611)--Connection(516014647)--Thread(Thread[Test worker,5,main])--SELECT query_id, active_status, app_creator_id, created_by, created_date, hidden_name, jpql_query, name, project_id, project_version_id, query_json, query_type, sql_query, updated_by, updated_date, user_access, version_id FROM art_query WHERE (query_id = ?)
	bind => [FC67865D-9383-4509-BE65-0041C1C56AA3]
[EL Fine]: sql: 2015-12-21 06:54:24.015--ClientSession(653793611)--Connection(516014647)--Thread(Thread[Test worker,5,main])--UPDATE art_query SET sql_query = ? WHERE (query_id = ?)
	bind => [SELECT monitor_id, scheduled_DateTime, server_Instance_Id, server_Ip_Address, total_Class, class_Loaded, class_Unloaded, gc_Collection_Time, gc_Memory_Name, ((non_Heap_Committed / ?) / ?), ((non_Heap_used / ?) / ?), ((heap_Committed / ?) / ?), ((max_Memory / ?) / ?), (? - ((used_Memory / total_Memory) * ?)), ((heap_Used / ?) / ?), ((total_Memory / ?) / ?), start_Time, up_Time, cpu_Time, ((free_Physical_Size / ?) / ?), ((total_Physical_Memory_Size / ?) / ?), cpu_Load_Time, ROUND(((free_Swap_Size / ?) / ?)), system_Load_Average, ROUND(((total_Swap_Size / ?) / ?)), available_Processor, total_Thread, thread_Peak_Count, thread_Started_Count, thread_Daemon_Count, thread_Cpu_Time, thread_User_Time, cpu_Load, ((used_Memory / total_Memory) * ?), ((used_Swap_Size / ?) / ?), ((used_Physical_Memory / ?) / ?) FROM zen_health ORDER BY scheduled_DateTime DESC, FC67865D-9383-4509-BE65-0041C1C56AA3]
came in myClass bean
In around repository aspect
[EL Fine]: sql: 2015-12-21 06:54:30.009--ClientSession(2041420805)--Connection(516014647)--Thread(Thread[Test worker,5,main])--INSERT INTO ast_Country_M (countryId, capital, capitalLatitude, capitalLongitude, countryCode1, countryCode2, countryFlag, countryName, currencyCode, currencyName, currencySymbol, isoNumeric, versionId, createdBy, createdDate, updatedBy, updatedDate, activeStatus, txnAccessCode) VALUES (?, ?, ?, ?, ?, ?, ?, ?, ?, ?, ?, ?, ?, ?, ?, ?, ?, ?, ?)
	bind => [F065C52B-0820-427F-AC75-4724D704C90E, jRx4YHxB5yuwOrSOcFdi85PHwpXsEmhQ, 7, 3, V2P, Fi1, uDgyVdK9lNOFIhp7JiDSRHloaYD4C6AIDIVDaOaI5aB2xztfKz, PQaIbSRmpn8ix6ghyCt3Wp1zj9joaZAg4kIyxNdtqwIFytM72i, gpN, wM8X1NK37GFgWHPy96jqcfF2Tmj7GBJW4krhCsorRTybFiO1EU, Swxe0uABRzDlk8f81Fxfuj5LSPoaEgAg, 2, 1, AAAAA, 2015-12-21 12:24:29.969, null, 2015-12-21 12:24:29.969, 1, null]
In around repository aspect
[EL Fine]: sql: 2015-12-21 06:54:30.048--ClientSession(636694049)--Connection(516014647)--Thread(Thread[Test worker,5,main])--INSERT INTO ast_State_M (stateId, countryId, stateCapital, stateCapitalLatitude, stateCapitalLongitude, stateCode, stateCodeChar2, stateCodeChar3, stateDescription, stateFlag, stateName, versionId, createdBy, createdDate, updatedBy, updatedDate, activeStatus, txnAccessCode) VALUES (?, ?, ?, ?, ?, ?, ?, ?, ?, ?, ?, ?, ?, ?, ?, ?, ?, ?)
	bind => [A76D51B2-B71C-4BDD-A754-CB858554DD96, F065C52B-0820-427F-AC75-4724D704C90E, dFH4KIgl4LWgqXf4H0RYFMoBMZliIvG8bXp9gMKtn3iqatFgwG, 10, 4, 2, UuaBDtASJBO7aAwyAa8w4Fk1HmnEF3I4, jyhEDUl7ZubLQouWd9mrxdIPZ2NtOptS, 0LWd40W8ZWlp0tuaJtIp23Qz9eExnrojVNmORp6kgUYDTyB49Z, HWMz6ObNST9avL9JjFvUzACgvNqTgZv5rQPHfDJpu1KzA2c7Rm, 9ItrF8oPcWtYG7KJYa61T8lZLQlps5EF090tvfhtww14Ik1lsR, 1, AAAAA, 2015-12-21 12:24:30.014, null, 2015-12-21 12:24:30.014, 1, null]
In around repository aspect
[EL Fine]: sql: 2015-12-21 06:54:30.087--ClientSession(162734688)--Connection(516014647)--Thread(Thread[Test worker,5,main])--INSERT INTO ast_Region_M (regionId, countryId, regionCode1, regionCodeChar2, regionDescription, regionFlag, regionLatitude, regionLongitude, regionName, stateId, versionId, createdBy, createdDate, updatedBy, updatedDate, activeStatus, txnAccessCode) VALUES (?, ?, ?, ?, ?, ?, ?, ?, ?, ?, ?, ?, ?, ?, ?, ?, ?)
	bind => [BC69A8C3-9D12-40B2-A227-254752412E49, F065C52B-0820-427F-AC75-4724D704C90E, 2, zX9kuUY7Z8bUATCWMl4WycDsvk2BnvFr, kEQWmUNU0v9ZqcZI8Jxz52AcOVwz8QMeVEZpZ2lmm4fkaSZ1fp, FY6JaTwqelnv4RkVK3SY2sFqJWR8N7Dp6DyiiCfbDdno8ZkoRP, 7, 1, SmT1X6gLHK6kjWYZ1XL7bZLSr5M0jZ6v0b5277IKzj5Vhhgzpq, A76D51B2-B71C-4BDD-A754-CB858554DD96, 1, AAAAA, 2015-12-21 12:24:30.014, null, 2015-12-21 12:24:30.014, 1, null]
In around repository aspect
[EL Fine]: sql: 2015-12-21 06:54:30.125--ClientSession(582754278)--Connection(516014647)--Thread(Thread[Test worker,5,main])--INSERT INTO ast_District_M (districtId, code2, countryId, districtDescription, districtFlag, districtLatitude, districtLongitude, Name, regionId, stateId, versionId, createdBy, createdDate, updatedBy, updatedDate, activeStatus, txnAccessCode) VALUES (?, ?, ?, ?, ?, ?, ?, ?, ?, ?, ?, ?, ?, ?, ?, ?, ?)
	bind => [E3954A46-B318-4A84-9240-1CB10FA8859B, bveI6SzqzwHMdnPqRPiyPb81vsScelzK, F065C52B-0820-427F-AC75-4724D704C90E, 8UG8paUDX12igltNvLTfQog439Momid17IzGVnv7AXHfjGkZvh, hOILpkYrfAtNhISjofb02GDBzYq3hVbbbQ9DEnKusnONVtM5Sr, 6, 3, gKqGYDw8xlTlq1uDWDwZqSUWIQcwHer2XIJNbmF6zS9PJdL4Et, BC69A8C3-9D12-40B2-A227-254752412E49, A76D51B2-B71C-4BDD-A754-CB858554DD96, 1, AAAAA, 2015-12-21 12:24:30.014, null, 2015-12-21 12:24:30.014, 1, null]
In around repository aspect
[EL Fine]: sql: 2015-12-21 06:54:30.163--ClientSession(200053574)--Connection(516014647)--Thread(Thread[Test worker,5,main])--INSERT INTO ast_Taluka_M (talukaId, countryId, districtId, regionId, stateId, talukaCode, talukaDescription, talukaFlag, talukaLatitude, talukaLongitude, talukaName, versionId, createdBy, createdDate, updatedBy, updatedDate, activeStatus, txnAccessCode) VALUES (?, ?, ?, ?, ?, ?, ?, ?, ?, ?, ?, ?, ?, ?, ?, ?, ?, ?)
	bind => [9767F55A-3B07-4B3A-90D7-F9763440FAD4, F065C52B-0820-427F-AC75-4724D704C90E, E3954A46-B318-4A84-9240-1CB10FA8859B, BC69A8C3-9D12-40B2-A227-254752412E49, A76D51B2-B71C-4BDD-A754-CB858554DD96, LlXUKhR3twZatsiqYRceJ6AGbKPSA0qA, TiPNVQhV7enJYhuhV8VZ6R3wRgTkD2ZJvRsOy5gd4CgezeZtnp, ggC0hHchVIlzpqbCg0Fyjn6HHbNZmd62rRqEWeUJfwGahdujts, 1, 1, TmAL4AYtwIiRgp2DGlWfyfN1U8vSxP7ziB8GDyNeucEAVLhlGG, 1, AAAAA, 2015-12-21 12:24:30.129, null, 2015-12-21 12:24:30.129, 1, null]
Setting logged in user info for ADD
In around repository aspect
[EL Fine]: sql: 2015-12-21 06:54:30.22--ClientSession(1615467681)--Connection(516014647)--Thread(Thread[Test worker,5,main])--INSERT INTO ast_Village_M (villageId, countryId, districtId, regionId, stateId, talukaaId, versionId, villageCode, villageDescription, villageFlag, villageLatitude, villageLongtitude, villageName, createdBy, createdDate, updatedBy, updatedDate, activeStatus, txnAccessCode) VALUES (?, ?, ?, ?, ?, ?, ?, ?, ?, ?, ?, ?, ?, ?, ?, ?, ?, ?, ?)
	bind => [B2838DE1-DC7E-4808-B833-4198D2156FF1, F065C52B-0820-427F-AC75-4724D704C90E, E3954A46-B318-4A84-9240-1CB10FA8859B, BC69A8C3-9D12-40B2-A227-254752412E49, A76D51B2-B71C-4BDD-A754-CB858554DD96, 9767F55A-3B07-4B3A-90D7-F9763440FAD4, 1, LKNOHR7fhSUIoRg9SPFOqDsRU4XvshCf, QQUh3Bc8jTo5FwOv8X5BNQMenfAg4xRBVeoM2oL6D8i26DGRjC, IkD5ARgY9nTCTeYsRwkuSj80TEHqcuPU2K21b5mAGIZIW6bn0I, JrQikPXDO3A, 11, u4EWUQIfEiQXFmjPHbv7BjbBlCsQyf31txRDRlv6jsEhxQoQFY, AAAAA, 2015-12-21 12:24:30.167, null, 2015-12-21 12:24:30.167, 1, null]
In around repository aspect
[EL Fine]: sql: 2015-12-21 06:54:30.231--ClientSession(251727345)--Connection(516014647)--Thread(Thread[Test worker,5,main])--SELECT villageId, countryId, districtId, regionId, stateId, talukaaId, versionId, villageCode, villageDescription, villageFlag, villageLatitude, villageLongtitude, villageName, createdBy, createdDate, updatedBy, updatedDate, activeStatus, txnAccessCode FROM ast_Village_M WHERE ((activeStatus = ?) AND (villageId = ?))
	bind => [1, B2838DE1-DC7E-4808-B833-4198D2156FF1]
Setting logged in user info for UPDATE
In around repository aspect
[EL Fine]: sql: 2015-12-21 06:54:30.235--ClientSession(1231287283)--Connection(516014647)--Thread(Thread[Test worker,5,main])--SELECT villageId, countryId, districtId, regionId, stateId, talukaaId, versionId, villageCode, villageDescription, villageFlag, villageLatitude, villageLongtitude, villageName, createdBy, createdDate, updatedBy, updatedDate, activeStatus, txnAccessCode FROM ast_Village_M WHERE (villageId = ?)
	bind => [B2838DE1-DC7E-4808-B833-4198D2156FF1]
[EL Fine]: sql: 2015-12-21 06:54:30.237--ClientSession(1231287283)--Connection(516014647)--Thread(Thread[Test worker,5,main])--UPDATE ast_Village_M SET villageCode = ?, villageDescription = ?, villageFlag = ?, villageLatitude = ?, villageLongtitude = ?, villageName = ?, updatedBy = ?, versionId = ? WHERE ((villageId = ?) AND (versionId = ?))
	bind => [MzyuNtCJvO8MOmxF9Q8ziK1DyZ58AFOJ, ujqksXrbDGggayCOMnXYhGqctp84thCnvLppCrAPbud7tt2OOm, jdk4coO2ai1kb3VmRIzFfFM8OPbPVTRVqEfmHW8lQmXUvUInoN, juWHltGn2KK, 6, IdXHVSnbBFzkWkwPwwN2i5AV4cGGyHrpwtUQC5N8xHb8pUAf8p, AAAAA, 2, B2838DE1-DC7E-4808-B833-4198D2156FF1, 1]
In around repository aspect
[EL Fine]: sql: 2015-12-21 06:54:30.245--ClientSession(1884785062)--Connection(516014647)--Thread(Thread[Test worker,5,main])--SELECT villageId, countryId, districtId, regionId, stateId, talukaaId, versionId, villageCode, villageDescription, villageFlag, villageLatitude, villageLongtitude, villageName, createdBy, createdDate, updatedBy, updatedDate, activeStatus, txnAccessCode FROM ast_Village_M WHERE ((activeStatus = ?) AND (villageId = ?))
	bind => [1, B2838DE1-DC7E-4808-B833-4198D2156FF1]
In around repository aspect
[EL Fine]: sql: 2015-12-21 06:54:30.252--ClientSession(694626392)--Connection(516014647)--Thread(Thread[Test worker,5,main])--SELECT villageId, countryId, districtId, regionId, stateId, talukaaId, versionId, villageCode, villageDescription, villageFlag, villageLatitude, villageLongtitude, villageName, createdBy, createdDate, updatedBy, updatedDate, activeStatus, txnAccessCode FROM ast_Village_M WHERE ((activeStatus = ?) AND (countryId = ?))
	bind => [1, F065C52B-0820-427F-AC75-4724D704C90E]
In around repository aspect
[EL Fine]: sql: 2015-12-21 06:54:30.259--ClientSession(394769982)--Connection(516014647)--Thread(Thread[Test worker,5,main])--SELECT villageId, countryId, districtId, regionId, stateId, talukaaId, versionId, villageCode, villageDescription, villageFlag, villageLatitude, villageLongtitude, villageName, createdBy, createdDate, updatedBy, updatedDate, activeStatus, txnAccessCode FROM ast_Village_M WHERE ((activeStatus = ?) AND (districtId = ?))
	bind => [1, E3954A46-B318-4A84-9240-1CB10FA8859B]
In around repository aspect
[EL Fine]: sql: 2015-12-21 06:54:30.266--ClientSession(1501114432)--Connection(516014647)--Thread(Thread[Test worker,5,main])--SELECT villageId, countryId, districtId, regionId, stateId, talukaaId, versionId, villageCode, villageDescription, villageFlag, villageLatitude, villageLongtitude, villageName, createdBy, createdDate, updatedBy, updatedDate, activeStatus, txnAccessCode FROM ast_Village_M WHERE ((activeStatus = ?) AND (regionId = ?))
	bind => [1, BC69A8C3-9D12-40B2-A227-254752412E49]
In around repository aspect
[EL Fine]: sql: 2015-12-21 06:54:30.273--ClientSession(478851763)--Connection(516014647)--Thread(Thread[Test worker,5,main])--SELECT villageId, countryId, districtId, regionId, stateId, talukaaId, versionId, villageCode, villageDescription, villageFlag, villageLatitude, villageLongtitude, villageName, createdBy, createdDate, updatedBy, updatedDate, activeStatus, txnAccessCode FROM ast_Village_M WHERE ((activeStatus = ?) AND (stateId = ?))
	bind => [1, A76D51B2-B71C-4BDD-A754-CB858554DD96]
In around repository aspect
[EL Fine]: sql: 2015-12-21 06:54:30.281--ClientSession(749079861)--Connection(516014647)--Thread(Thread[Test worker,5,main])--SELECT villageId, countryId, districtId, regionId, stateId, talukaaId, versionId, villageCode, villageDescription, villageFlag, villageLatitude, villageLongtitude, villageName, createdBy, createdDate, updatedBy, updatedDate, activeStatus, txnAccessCode FROM ast_Village_M WHERE ((activeStatus = ?) AND (talukaaId = ?))
	bind => [1, 9767F55A-3B07-4B3A-90D7-F9763440FAD4]
In around repository aspect
[EL Fine]: sql: 2015-12-21 06:54:30.288--ClientSession(800369766)--Connection(516014647)--Thread(Thread[Test worker,5,main])--SELECT villageId, countryId, districtId, regionId, stateId, talukaaId, versionId, villageCode, villageDescription, villageFlag, villageLatitude, villageLongtitude, villageName, createdBy, createdDate, updatedBy, updatedDate, activeStatus, txnAccessCode FROM ast_Village_M WHERE (villageId = ?)
	bind => [B2838DE1-DC7E-4808-B833-4198D2156FF1]
[EL Fine]: sql: 2015-12-21 06:54:30.29--ClientSession(800369766)--Connection(516014647)--Thread(Thread[Test worker,5,main])--DELETE FROM ast_Village_M WHERE ((villageId = ?) AND (versionId = ?))
	bind => [B2838DE1-DC7E-4808-B833-4198D2156FF1, 2]
In around repository aspect
[EL Fine]: sql: 2015-12-21 06:54:30.299--ClientSession(3537410)--Connection(516014647)--Thread(Thread[Test worker,5,main])--SELECT talukaId, countryId, districtId, regionId, stateId, talukaCode, talukaDescription, talukaFlag, talukaLatitude, talukaLongitude, talukaName, versionId, createdBy, createdDate, updatedBy, updatedDate, activeStatus, txnAccessCode FROM ast_Taluka_M WHERE (talukaId = ?)
	bind => [9767F55A-3B07-4B3A-90D7-F9763440FAD4]
[EL Fine]: sql: 2015-12-21 06:54:30.301--ClientSession(3537410)--Connection(516014647)--Thread(Thread[Test worker,5,main])--DELETE FROM ast_Taluka_M WHERE ((talukaId = ?) AND (versionId = ?))
	bind => [9767F55A-3B07-4B3A-90D7-F9763440FAD4, 1]
In around repository aspect
[EL Fine]: sql: 2015-12-21 06:54:30.31--ClientSession(130796337)--Connection(516014647)--Thread(Thread[Test worker,5,main])--SELECT districtId, code2, countryId, districtDescription, districtFlag, districtLatitude, districtLongitude, Name, regionId, stateId, versionId, createdBy, createdDate, updatedBy, updatedDate, activeStatus, txnAccessCode FROM ast_District_M WHERE (districtId = ?)
	bind => [E3954A46-B318-4A84-9240-1CB10FA8859B]
[EL Fine]: sql: 2015-12-21 06:54:30.311--ClientSession(130796337)--Connection(516014647)--Thread(Thread[Test worker,5,main])--DELETE FROM ast_District_M WHERE ((districtId = ?) AND (versionId = ?))
	bind => [E3954A46-B318-4A84-9240-1CB10FA8859B, 1]
In around repository aspect
[EL Fine]: sql: 2015-12-21 06:54:30.319--ClientSession(446583619)--Connection(516014647)--Thread(Thread[Test worker,5,main])--SELECT regionId, countryId, regionCode1, regionCodeChar2, regionDescription, regionFlag, regionLatitude, regionLongitude, regionName, stateId, versionId, createdBy, createdDate, updatedBy, updatedDate, activeStatus, txnAccessCode FROM ast_Region_M WHERE (regionId = ?)
	bind => [BC69A8C3-9D12-40B2-A227-254752412E49]
[EL Fine]: sql: 2015-12-21 06:54:30.32--ClientSession(446583619)--Connection(516014647)--Thread(Thread[Test worker,5,main])--DELETE FROM ast_Region_M WHERE ((regionId = ?) AND (versionId = ?))
	bind => [BC69A8C3-9D12-40B2-A227-254752412E49, 1]
In around repository aspect
[EL Fine]: sql: 2015-12-21 06:54:30.33--ClientSession(762590698)--Connection(516014647)--Thread(Thread[Test worker,5,main])--SELECT stateId, countryId, stateCapital, stateCapitalLatitude, stateCapitalLongitude, stateCode, stateCodeChar2, stateCodeChar3, stateDescription, stateFlag, stateName, versionId, createdBy, createdDate, updatedBy, updatedDate, activeStatus, txnAccessCode FROM ast_State_M WHERE (stateId = ?)
	bind => [A76D51B2-B71C-4BDD-A754-CB858554DD96]
[EL Fine]: sql: 2015-12-21 06:54:30.332--ClientSession(762590698)--Connection(516014647)--Thread(Thread[Test worker,5,main])--DELETE FROM ast_State_M WHERE ((stateId = ?) AND (versionId = ?))
	bind => [A76D51B2-B71C-4BDD-A754-CB858554DD96, 1]
In around repository aspect
[EL Fine]: sql: 2015-12-21 06:54:30.34--ClientSession(390597359)--Connection(516014647)--Thread(Thread[Test worker,5,main])--SELECT countryId, capital, capitalLatitude, capitalLongitude, countryCode1, countryCode2, countryFlag, countryName, currencyCode, currencyName, currencySymbol, isoNumeric, versionId, createdBy, createdDate, updatedBy, updatedDate, activeStatus, txnAccessCode FROM ast_Country_M WHERE (countryId = ?)
	bind => [F065C52B-0820-427F-AC75-4724D704C90E]
[EL Fine]: sql: 2015-12-21 06:54:30.341--ClientSession(390597359)--Connection(516014647)--Thread(Thread[Test worker,5,main])--DELETE FROM ast_Country_M WHERE ((countryId = ?) AND (versionId = ?))
	bind => [F065C52B-0820-427F-AC75-4724D704C90E, 1]
]]></system-out>
  <system-err><![CDATA[log4j:WARN No appenders could be found for logger (org.springframework.test.context.junit4.SpringJUnit4ClassRunner).
log4j:WARN Please initialize the log4j system properly.
log4j:WARN See http://logging.apache.org/log4j/1.2/faq.html#noconfig for more info.
Final Query : SELECT t0.loginPk, t0.failedLoginAttempts, t0.loginId, t0.serverAuthImage, t0.serverAuthText, t0.versionId, t0.createdBy, t0.createdDate, t0.updatedBy, t0.updatedDate, t0.activeStatus, t0.txnAccessCode, t0.contactId, t0.userId FROM ast_Login_T t0, ast_User_T t1 WHERE (((t0.activeStatus = ?) AND t1.userId IN (SELECT t2.userId FROM ast_UserRoleBridge_T t2)) AND (t1.userId = t0.userId))
Final Query : SELECT t0.loginPk, t0.failedLoginAttempts, t0.loginId, t0.serverAuthImage, t0.serverAuthText, t0.versionId, t0.createdBy, t0.createdDate, t0.updatedBy, t0.updatedDate, t0.activeStatus, t0.txnAccessCode, t0.contactId, t0.userId FROM ast_Login_T t0, ast_User_T t1 WHERE (((t0.activeStatus = ?) AND t1.userId NOT IN (SELECT t2.userId FROM ast_UserRoleBridge_T t2)) AND (t1.userId = t0.userId))
Final Query : SELECT t0.requestId, t0.class_Name, t0.ip_Address, t0.request_Time, t0.request_Method, t0.http_Status, t0.return_Status, t0.execution_Time, t0.method_Name, t0.end_Time, t0.typeofClass, t0.callSeqId, t0.exceptionId, t0.appSessionId, t0.userId, t1.firstName FROM ast_User_T t3, ast_Login_T t2, ast_CoreContacts_T t1, zen_request_details t0 WHERE ((t3.userId = t0.userId) AND ((t3.userId = t2.userId) AND (t1.contactId = t2.contactId))) ORDER BY t0.request_Time DESC
Final Query : SELECT dataId, appSessionId, booleanValue, customerId, dataType, dateTimeValue, jsonValue, numberValue, sessionKey, stringValue, userId, versionId, createdBy, createdDate, updatedBy, updatedDate, activeStatus, txnAccessCode FROM ast_SessionData_T WHERE (((activeStatus = ?) AND (appSessionId = ?)) AND (sessionKey = ?))
Final Query : DELETE FROM ast_SessionData_T WHERE ((activeStatus = ?) AND (appSessionId = ?))
Final Query : SELECT healthId, scheduled_DateTime, server_Instance_Id, server_Ip_Address, ROUND((? - ((used_Space / total_Space) * ?))), ROUND(((used_Space / total_Space) * ?)), ROUND(((total_Space / ?) / ?)), status FROM zen_health_status ORDER BY scheduled_DateTime DESC
Final Query : SELECT dataId, appSessionId, booleanValue, customerId, dataType, dateTimeValue, jsonValue, numberValue, sessionKey, stringValue, userId, versionId, createdBy, createdDate, updatedBy, updatedDate, activeStatus, txnAccessCode FROM ast_SessionData_T WHERE ((activeStatus = ?) AND (appSessionId = ?))
Final Query : SELECT monitor_id, scheduled_DateTime, server_Instance_Id, server_Ip_Address, total_Class, class_Loaded, class_Unloaded, gc_Collection_Time, gc_Memory_Name, ((non_Heap_Committed / ?) / ?), ((non_Heap_used / ?) / ?), ((heap_Committed / ?) / ?), ((max_Memory / ?) / ?), (? - ((used_Memory / total_Memory) * ?)), ((heap_Used / ?) / ?), ((total_Memory / ?) / ?), start_Time, up_Time, cpu_Time, ((free_Physical_Size / ?) / ?), ((total_Physical_Memory_Size / ?) / ?), cpu_Load_Time, ROUND(((free_Swap_Size / ?) / ?)), system_Load_Average, ROUND(((total_Swap_Size / ?) / ?)), available_Processor, total_Thread, thread_Peak_Count, thread_Started_Count, thread_Daemon_Count, thread_Cpu_Time, thread_User_Time, cpu_Load, ((used_Memory / total_Memory) * ?), ((used_Swap_Size / ?) / ?), ((used_Physical_Memory / ?) / ?) FROM zen_health ORDER BY scheduled_DateTime DESC
]]></system-err>
</testsuite>
