<?xml version="1.0" encoding="UTF-8"?>
<testsuite name="salesdemo.app.server.service.PasswordAlgoTestCase" tests="4" skipped="0" failures="0" errors="0" timestamp="2015-12-21T06:54:32" hostname="68768ce41e45" time="0.135">
  <properties/>
  <testcase name="test1Save" classname="salesdemo.app.server.service.PasswordAlgoTestCase" time="0.111"/>
  <testcase name="test2Update" classname="salesdemo.app.server.service.PasswordAlgoTestCase" time="0.01"/>
  <testcase name="test3FindById" classname="salesdemo.app.server.service.PasswordAlgoTestCase" time="0.005"/>
  <testcase name="test4Delete" classname="salesdemo.app.server.service.PasswordAlgoTestCase" time="0.008"/>
  <system-out><![CDATA[Setting logged in user info for ADD
In around repository aspect
[EL Fine]: sql: 2015-12-21 06:54:32.973--ClientSession(1557780713)--Connection(516014647)--Thread(Thread[Test worker,5,main])--INSERT INTO ast_PasswordAlgo_M (algoId, algoDescription, algoHelp, algoIcon, algoName, algorithm, versionId, createdBy, createdDate, updatedBy, updatedDate, activeStatus, txnAccessCode) VALUES (?, ?, ?, ?, ?, ?, ?, ?, ?, ?, ?, ?, ?)
	bind => [2948C0EA-D75A-4B63-87CB-315DF8F4C67D, v1saWAj1QkdiiTl9XJg6HlhPyUB6QT1m8KVw0hfWlMCpMvMTEv, rWQTYeBOX9CupK2tW2VGFfn58wDGsbswWxK72pwvQEVAIzFcdy, LOtMfBLY8zySkEVkJldzdBDyaKNK6mrJaCh6Twd56vWqyK4d5W, C0IE60VllgsJhzIrqOWERG72iceLPQWVvTG8nVwrIsqONafcVi, 6, 1, AAAAA, 2015-12-21 12:24:32.946, null, 2015-12-21 12:24:32.946, 1, null]
In around repository aspect
[EL Fine]: sql: 2015-12-21 06:54:33.052--ClientSession(10325135)--Connection(516014647)--Thread(Thread[Test worker,5,main])--SELECT algoId, algoDescription, algoHelp, algoIcon, algoName, algorithm, versionId, createdBy, createdDate, updatedBy, updatedDate, activeStatus, txnAccessCode FROM ast_PasswordAlgo_M WHERE ((activeStatus = ?) AND (algoId = ?))
	bind => [1, 2948C0EA-D75A-4B63-87CB-315DF8F4C67D]
Setting logged in user info for UPDATE
In around repository aspect
[EL Fine]: sql: 2015-12-21 06:54:33.054--ClientSession(1286676539)--Connection(516014647)--Thread(Thread[Test worker,5,main])--SELECT algoId, algoDescription, algoHelp, algoIcon, algoName, algorithm, versionId, createdBy, createdDate, updatedBy, updatedDate, activeStatus, txnAccessCode FROM ast_PasswordAlgo_M WHERE (algoId = ?)
	bind => [2948C0EA-D75A-4B63-87CB-315DF8F4C67D]
[EL Fine]: sql: 2015-12-21 06:54:33.055--ClientSession(1286676539)--Connection(516014647)--Thread(Thread[Test worker,5,main])--UPDATE ast_PasswordAlgo_M SET algoDescription = ?, algoHelp = ?, algoIcon = ?, algoName = ?, algorithm = ?, updatedBy = ?, versionId = ? WHERE ((algoId = ?) AND (versionId = ?))
	bind => [6Dyx8RHQnDLcGLnhG9JuvtCU3QZZNbsBSAWco3Q7b7V9XJdOZU, vI6EkIM5FKElSfUbMWDQm0NCPtB6hAGbDczRmXWrWuIBmfb0m7, xNHczUFZorgwgCzcmnxGwFDPQMIcDNYLig1MAuvDu8O8OQgy5t, EWRJ2V0XelfElMIHjkmswFI61osmaaIQddedbJJKzqR8zsKBTS, 2, AAAAA, 2, 2948C0EA-D75A-4B63-87CB-315DF8F4C67D, 1]
In around repository aspect
[EL Fine]: sql: 2015-12-21 06:54:33.061--ClientSession(1098955226)--Connection(516014647)--Thread(Thread[Test worker,5,main])--SELECT algoId, algoDescription, algoHelp, algoIcon, algoName, algorithm, versionId, createdBy, createdDate, updatedBy, updatedDate, activeStatus, txnAccessCode FROM ast_PasswordAlgo_M WHERE ((activeStatus = ?) AND (algoId = ?))
	bind => [1, 2948C0EA-D75A-4B63-87CB-315DF8F4C67D]
In around repository aspect
[EL Fine]: sql: 2015-12-21 06:54:33.066--ClientSession(1578578469)--Connection(516014647)--Thread(Thread[Test worker,5,main])--SELECT algoId, algoDescription, algoHelp, algoIcon, algoName, algorithm, versionId, createdBy, createdDate, updatedBy, updatedDate, activeStatus, txnAccessCode FROM ast_PasswordAlgo_M WHERE (algoId = ?)
	bind => [2948C0EA-D75A-4B63-87CB-315DF8F4C67D]
[EL Fine]: sql: 2015-12-21 06:54:33.067--ClientSession(1578578469)--Connection(516014647)--Thread(Thread[Test worker,5,main])--DELETE FROM ast_PasswordAlgo_M WHERE ((algoId = ?) AND (versionId = ?))
	bind => [2948C0EA-D75A-4B63-87CB-315DF8F4C67D, 2]
]]></system-out>
  <system-err><![CDATA[]]></system-err>
</testsuite>
